{"C:\\dev\\Roza\\backend\\src\\app.ts": {"path":"C:\\dev\\Roza\\backend\\src\\app.ts","statementMap":{"0":{"start":{"line":2,"column":0},"end":{"line":2,"column":27}},"1":{"start":{"line":3,"column":0},"end":{"line":3,"column":30}},"2":{"start":{"line":4,"column":0},"end":{"line":4,"column":28}},"3":{"start":{"line":5,"column":0},"end":{"line":5,"column":38}},"4":{"start":{"line":6,"column":0},"end":{"line":6,"column":58}},"5":{"start":{"line":7,"column":0},"end":{"line":7,"column":83}},"6":{"start":{"line":8,"column":0},"end":{"line":8,"column":22}},"7":{"start":{"line":9,"column":0},"end":{"line":9,"column":24}},"8":{"start":{"line":10,"column":0},"end":{"line":10,"column":41}},"9":{"start":{"line":11,"column":0},"end":{"line":11,"column":24}},"10":{"start":{"line":12,"column":0},"end":{"line":12,"column":70}},"11":{"start":{"line":13,"column":0},"end":{"line":13,"column":71}},"12":{"start":{"line":14,"column":0},"end":{"line":14,"column":79}},"13":{"start":{"line":15,"column":0},"end":{"line":15,"column":51}},"14":{"start":{"line":16,"column":0},"end":{"line":16,"column":51}},"15":{"start":{"line":17,"column":0},"end":{"line":17,"column":51}},"16":{"start":{"line":18,"column":0},"end":{"line":18,"column":57}},"17":{"start":{"line":19,"column":0},"end":{"line":19,"column":63}},"18":{"start":{"line":21,"column":18},"end":{"line":21,"column":55}},"19":{"start":{"line":23,"column":12},"end":{"line":23,"column":21}},"20":{"start":{"line":24,"column":0},"end":{"line":24,"column":23}},"21":{"start":{"line":26,"column":0},"end":{"line":26,"column":18}},"22":{"start":{"line":27,"column":0},"end":{"line":27,"column":24}},"23":{"start":{"line":28,"column":0},"end":{"line":28,"column":43}},"24":{"start":{"line":30,"column":0},"end":{"line":30,"column":24}},"25":{"start":{"line":31,"column":0},"end":{"line":31,"column":32}},"26":{"start":{"line":32,"column":0},"end":{"line":32,"column":26}},"27":{"start":{"line":33,"column":0},"end":{"line":37,"column":2}},"28":{"start":{"line":40,"column":0},"end":{"line":48,"column":1}},"29":{"start":{"line":41,"column":2},"end":{"line":41,"column":72}},"30":{"start":{"line":43,"column":22},"end":{"line":46,"column":4}},"31":{"start":{"line":47,"column":2},"end":{"line":47,"column":29}},"32":{"start":{"line":50,"column":0},"end":{"line":50,"column":37}},"33":{"start":{"line":52,"column":0},"end":{"line":55,"column":5}},"34":{"start":{"line":53,"column":2},"end":{"line":55,"column":5}},"35":{"start":{"line":54,"column":4},"end":{"line":54,"column":34}},"36":{"start":{"line":57,"column":0},"end":{"line":57,"column":33}},"37":{"start":{"line":58,"column":0},"end":{"line":58,"column":33}},"38":{"start":{"line":59,"column":0},"end":{"line":59,"column":33}},"39":{"start":{"line":60,"column":0},"end":{"line":60,"column":37}},"40":{"start":{"line":62,"column":0},"end":{"line":64,"column":3}},"41":{"start":{"line":63,"column":2},"end":{"line":63,"column":75}},"42":{"start":{"line":66,"column":0},"end":{"line":68,"column":3}},"43":{"start":{"line":67,"column":2},"end":{"line":67,"column":75}},"44":{"start":{"line":70,"column":0},"end":{"line":70,"column":22}},"45":{"start":{"line":72,"column":0},"end":{"line":72,"column":19}}},"fnMap":{"0":{"name":"(anonymous_1)","decl":{"start":{"line":53,"column":10},"end":{"line":53,"column":11}},"loc":{"start":{"line":53,"column":62},"end":{"line":55,"column":3}}},"1":{"name":"(anonymous_2)","decl":{"start":{"line":62,"column":15},"end":{"line":62,"column":16}},"loc":{"start":{"line":62,"column":47},"end":{"line":64,"column":1}}},"2":{"name":"(anonymous_3)","decl":{"start":{"line":66,"column":13},"end":{"line":66,"column":14}},"loc":{"start":{"line":66,"column":65},"end":{"line":68,"column":1}}}},"branchMap":{"0":{"loc":{"start":{"line":40,"column":0},"end":{"line":48,"column":1}},"type":"if","locations":[{"start":{"line":40,"column":0},"end":{"line":48,"column":1}},{"start":{"line":42,"column":7},"end":{"line":48,"column":1}}]},"1":{"loc":{"start":{"line":52,"column":0},"end":{"line":55,"column":5}},"type":"if","locations":[{"start":{"line":52,"column":0},"end":{"line":55,"column":5}}]}},"s":{"0":0,"1":0,"2":0,"3":0,"4":0,"5":0,"6":0,"7":0,"8":0,"9":0,"10":0,"11":0,"12":0,"13":0,"14":0,"15":0,"16":0,"17":0,"18":0,"19":0,"20":0,"21":0,"22":0,"23":0,"24":0,"25":0,"26":0,"27":0,"28":0,"29":0,"30":0,"31":0,"32":0,"33":0,"34":0,"35":0,"36":0,"37":0,"38":0,"39":0,"40":0,"41":0,"42":0,"43":0,"44":0,"45":0},"f":{"0":0,"1":0,"2":0},"b":{"0":[0,0],"1":[0]}}
,"C:\\dev\\Roza\\backend\\src\\server.ts": {"path":"C:\\dev\\Roza\\backend\\src\\server.ts","statementMap":{"0":{"start":{"line":1,"column":0},"end":{"line":1,"column":57}},"1":{"start":{"line":3,"column":0},"end":{"line":6,"column":3}},"2":{"start":{"line":4,"column":2},"end":{"line":4,"column":61}},"3":{"start":{"line":5,"column":2},"end":{"line":5,"column":18}},"4":{"start":{"line":8,"column":0},"end":{"line":8,"column":27}},"5":{"start":{"line":9,"column":0},"end":{"line":9,"column":32}},"6":{"start":{"line":10,"column":0},"end":{"line":10,"column":24}},"7":{"start":{"line":11,"column":0},"end":{"line":11,"column":57}},"8":{"start":{"line":13,"column":19},"end":{"line":13,"column":30}},"9":{"start":{"line":14,"column":0},"end":{"line":14,"column":67}},"10":{"start":{"line":14,"column":13},"end":{"line":14,"column":67}},"11":{"start":{"line":16,"column":15},"end":{"line":16,"column":26}},"12":{"start":{"line":18,"column":0},"end":{"line":25,"column":5}},"13":{"start":{"line":21,"column":4},"end":{"line":21,"column":41}},"14":{"start":{"line":24,"column":4},"end":{"line":24,"column":57}},"15":{"start":{"line":27,"column":13},"end":{"line":27,"column":17}},"16":{"start":{"line":29,"column":15},"end":{"line":31,"column":2}},"17":{"start":{"line":30,"column":2},"end":{"line":30,"column":52}},"18":{"start":{"line":33,"column":0},"end":{"line":38,"column":3}},"19":{"start":{"line":34,"column":2},"end":{"line":34,"column":44}},"20":{"start":{"line":35,"column":2},"end":{"line":37,"column":5}},"21":{"start":{"line":36,"column":4},"end":{"line":36,"column":20}},"22":{"start":{"line":41,"column":64},"end":{"line":41,"column":75}},"23":{"start":{"line":43,"column":2},"end":{"line":52,"column":3}},"24":{"start":{"line":45,"column":6},"end":{"line":45,"column":36}},"25":{"start":{"line":47,"column":6},"end":{"line":47,"column":35}},"26":{"start":{"line":49,"column":6},"end":{"line":49,"column":36}},"27":{"start":{"line":51,"column":6},"end":{"line":51,"column":58}}},"fnMap":{"0":{"name":"(anonymous_1)","decl":{"start":{"line":3,"column":32},"end":{"line":3,"column":33}},"loc":{"start":{"line":3,"column":47},"end":{"line":6,"column":1}}},"1":{"name":"(anonymous_2)","decl":{"start":{"line":20,"column":8},"end":{"line":20,"column":11}},"loc":{"start":{"line":20,"column":13},"end":{"line":22,"column":3}}},"2":{"name":"(anonymous_3)","decl":{"start":{"line":23,"column":9},"end":{"line":23,"column":14}},"loc":{"start":{"line":23,"column":17},"end":{"line":25,"column":3}}},"3":{"name":"(anonymous_4)","decl":{"start":{"line":29,"column":32},"end":{"line":29,"column":35}},"loc":{"start":{"line":29,"column":37},"end":{"line":31,"column":1}}},"4":{"name":"(anonymous_5)","decl":{"start":{"line":33,"column":33},"end":{"line":33,"column":34}},"loc":{"start":{"line":33,"column":48},"end":{"line":38,"column":1}}},"5":{"name":"(anonymous_6)","decl":{"start":{"line":35,"column":15},"end":{"line":35,"column":18}},"loc":{"start":{"line":35,"column":20},"end":{"line":37,"column":3}}},"6":{"name":"getDBName","decl":{"start":{"line":40,"column":9},"end":{"line":40,"column":18}},"loc":{"start":{"line":40,"column":18},"end":{"line":53,"column":1}}}},"branchMap":{"0":{"loc":{"start":{"line":14,"column":0},"end":{"line":14,"column":67}},"type":"if","locations":[{"start":{"line":14,"column":0},"end":{"line":14,"column":67}}]},"1":{"loc":{"start":{"line":43,"column":2},"end":{"line":52,"column":3}},"type":"switch","locations":[{"start":{"line":44,"column":4},"end":{"line":45,"column":36}},{"start":{"line":46,"column":4},"end":{"line":47,"column":35}},{"start":{"line":48,"column":4},"end":{"line":49,"column":36}},{"start":{"line":50,"column":4},"end":{"line":51,"column":58}}]}},"s":{"0":0,"1":0,"2":0,"3":0,"4":0,"5":0,"6":0,"7":0,"8":0,"9":0,"10":0,"11":0,"12":0,"13":0,"14":0,"15":0,"16":0,"17":0,"18":0,"19":0,"20":0,"21":0,"22":0,"23":0,"24":0,"25":0,"26":0,"27":0},"f":{"0":0,"1":0,"2":0,"3":0,"4":0,"5":0,"6":0},"b":{"0":[0],"1":[0,0,0,0]}}
,"C:\\dev\\Roza\\backend\\src\\controllers\\auth\\authController.ts": {"path":"C:\\dev\\Roza\\backend\\src\\controllers\\auth\\authController.ts","statementMap":{"0":{"start":{"line":3,"column":0},"end":{"line":3,"column":58}},"1":{"start":{"line":4,"column":0},"end":{"line":4,"column":80}},"2":{"start":{"line":5,"column":0},"end":{"line":5,"column":69}},"3":{"start":{"line":7,"column":14},"end":{"line":12,"column":2}},"4":{"start":{"line":7,"column":70},"end":{"line":12,"column":2}},"5":{"start":{"line":8,"column":33},"end":{"line":8,"column":41}},"6":{"start":{"line":9,"column":2},"end":{"line":9,"column":92}},"7":{"start":{"line":9,"column":30},"end":{"line":9,"column":92}},"8":{"start":{"line":10,"column":26},"end":{"line":10,"column":69}},"9":{"start":{"line":11,"column":2},"end":{"line":11,"column":50}},"10":{"start":{"line":131,"column":2},"end":{"line":131,"column":7}},"11":{"start":{"line":14,"column":23},"end":{"line":31,"column":2}},"12":{"start":{"line":14,"column":79},"end":{"line":31,"column":2}},"13":{"start":{"line":15,"column":33},"end":{"line":20,"column":3}},"14":{"start":{"line":16,"column":4},"end":{"line":19,"column":7}},"15":{"start":{"line":21,"column":2},"end":{"line":30,"column":3}},"16":{"start":{"line":22,"column":27},"end":{"line":22,"column":38}},"17":{"start":{"line":23,"column":4},"end":{"line":23,"column":70}},"18":{"start":{"line":23,"column":21},"end":{"line":23,"column":70}},"19":{"start":{"line":24,"column":28},"end":{"line":24,"column":72}},"20":{"start":{"line":25,"column":4},"end":{"line":25,"column":52}},"21":{"start":{"line":27,"column":22},"end":{"line":27,"column":59}},"22":{"start":{"line":28,"column":4},"end":{"line":28,"column":30}},"23":{"start":{"line":28,"column":20},"end":{"line":28,"column":30}},"24":{"start":{"line":29,"column":4},"end":{"line":29,"column":36}},"25":{"start":{"line":132,"column":2},"end":{"line":132,"column":16}},"26":{"start":{"line":33,"column":15},"end":{"line":39,"column":2}},"27":{"start":{"line":33,"column":71},"end":{"line":39,"column":2}},"28":{"start":{"line":34,"column":20},"end":{"line":34,"column":59}},"29":{"start":{"line":35,"column":27},"end":{"line":35,"column":56}},"30":{"start":{"line":36,"column":2},"end":{"line":36,"column":45}},"31":{"start":{"line":36,"column":16},"end":{"line":36,"column":45}},"32":{"start":{"line":37,"column":26},"end":{"line":37,"column":61}},"33":{"start":{"line":38,"column":2},"end":{"line":38,"column":55}},"34":{"start":{"line":133,"column":2},"end":{"line":133,"column":8}},"35":{"start":{"line":41,"column":15},"end":{"line":49,"column":2}},"36":{"start":{"line":41,"column":71},"end":{"line":49,"column":2}},"37":{"start":{"line":42,"column":2},"end":{"line":42,"column":32}},"38":{"start":{"line":43,"column":2},"end":{"line":48,"column":5}},"39":{"start":{"line":134,"column":2},"end":{"line":134,"column":8}},"40":{"start":{"line":51,"column":23},"end":{"line":67,"column":2}},"41":{"start":{"line":51,"column":79},"end":{"line":67,"column":2}},"42":{"start":{"line":52,"column":63},"end":{"line":52,"column":71}},"43":{"start":{"line":53,"column":2},"end":{"line":54,"column":74}},"44":{"start":{"line":54,"column":4},"end":{"line":54,"column":74}},"45":{"start":{"line":54,"column":26},"end":{"line":54,"column":74}},"46":{"start":{"line":56,"column":2},"end":{"line":56,"column":92}},"47":{"start":{"line":56,"column":42},"end":{"line":56,"column":92}},"48":{"start":{"line":57,"column":25},"end":{"line":57,"column":51}},"49":{"start":{"line":58,"column":2},"end":{"line":58,"column":72}},"50":{"start":{"line":58,"column":23},"end":{"line":58,"column":72}},"51":{"start":{"line":59,"column":26},"end":{"line":63,"column":null}},"52":{"start":{"line":66,"column":2},"end":{"line":66,"column":50}},"53":{"start":{"line":137,"column":2},"end":{"line":137,"column":16}},"54":{"start":{"line":69,"column":31},"end":{"line":79,"column":2}},"55":{"start":{"line":69,"column":87},"end":{"line":79,"column":2}},"56":{"start":{"line":70,"column":20},"end":{"line":70,"column":28}},"57":{"start":{"line":71,"column":2},"end":{"line":71,"column":59}},"58":{"start":{"line":71,"column":14},"end":{"line":71,"column":59}},"59":{"start":{"line":72,"column":2},"end":{"line":72,"column":73}},"60":{"start":{"line":72,"column":29},"end":{"line":72,"column":73}},"61":{"start":{"line":73,"column":19},"end":{"line":73,"column":81}},"62":{"start":{"line":74,"column":2},"end":{"line":74,"column":60}},"63":{"start":{"line":75,"column":2},"end":{"line":78,"column":5}},"64":{"start":{"line":135,"column":2},"end":{"line":135,"column":24}},"65":{"start":{"line":81,"column":22},"end":{"line":93,"column":2}},"66":{"start":{"line":81,"column":78},"end":{"line":93,"column":2}},"67":{"start":{"line":82,"column":20},"end":{"line":82,"column":30}},"68":{"start":{"line":83,"column":40},"end":{"line":83,"column":48}},"69":{"start":{"line":84,"column":2},"end":{"line":85,"column":74}},"70":{"start":{"line":85,"column":4},"end":{"line":85,"column":74}},"71":{"start":{"line":85,"column":26},"end":{"line":85,"column":74}},"72":{"start":{"line":87,"column":36},"end":{"line":90,"column":null}},"73":{"start":{"line":92,"column":2},"end":{"line":92,"column":53}},"74":{"start":{"line":136,"column":2},"end":{"line":136,"column":15}},"75":{"start":{"line":95,"column":38},"end":{"line":108,"column":1}},"76":{"start":{"line":96,"column":22},"end":{"line":96,"column":46}},"77":{"start":{"line":97,"column":2},"end":{"line":101,"column":5}},"78":{"start":{"line":103,"column":2},"end":{"line":107,"column":5}},"79":{"start":{"line":110,"column":27},"end":{"line":123,"column":1}},"80":{"start":{"line":111,"column":53},"end":{"line":117,"column":4}},"81":{"start":{"line":118,"column":27},"end":{"line":118,"column":62}},"82":{"start":{"line":119,"column":2},"end":{"line":119,"column":88}},"83":{"start":{"line":119,"column":24},"end":{"line":119,"column":88}},"84":{"start":{"line":120,"column":2},"end":{"line":121,"column":82}},"85":{"start":{"line":121,"column":4},"end":{"line":121,"column":82}},"86":{"start":{"line":121,"column":27},"end":{"line":121,"column":82}},"87":{"start":{"line":122,"column":2},"end":{"line":122,"column":36}},"88":{"start":{"line":125,"column":22},"end":{"line":128,"column":1}},"89":{"start":{"line":126,"column":21},"end":{"line":126,"column":49}},"90":{"start":{"line":127,"column":2},"end":{"line":127,"column":32}}},"fnMap":{"0":{"name":"(anonymous_8)","decl":{"start":{"line":7,"column":32},"end":{"line":7,"column":39}},"loc":{"start":{"line":7,"column":70},"end":{"line":12,"column":2}}},"1":{"name":"(anonymous_9)","decl":{"start":{"line":7,"column":70},"end":{"line":7,"column":null}},"loc":{"start":{"line":7,"column":70},"end":{"line":12,"column":1}}},"2":{"name":"(anonymous_10)","decl":{"start":{"line":14,"column":41},"end":{"line":14,"column":48}},"loc":{"start":{"line":14,"column":79},"end":{"line":31,"column":2}}},"3":{"name":"(anonymous_11)","decl":{"start":{"line":14,"column":79},"end":{"line":14,"column":null}},"loc":{"start":{"line":14,"column":79},"end":{"line":31,"column":1}}},"4":{"name":"(anonymous_12)","decl":{"start":{"line":15,"column":33},"end":{"line":15,"column":36}},"loc":{"start":{"line":15,"column":38},"end":{"line":20,"column":3}}},"5":{"name":"(anonymous_13)","decl":{"start":{"line":33,"column":33},"end":{"line":33,"column":40}},"loc":{"start":{"line":33,"column":71},"end":{"line":39,"column":2}}},"6":{"name":"(anonymous_14)","decl":{"start":{"line":33,"column":71},"end":{"line":33,"column":null}},"loc":{"start":{"line":33,"column":71},"end":{"line":39,"column":1}}},"7":{"name":"(anonymous_15)","decl":{"start":{"line":41,"column":33},"end":{"line":41,"column":40}},"loc":{"start":{"line":41,"column":71},"end":{"line":49,"column":2}}},"8":{"name":"(anonymous_16)","decl":{"start":{"line":41,"column":71},"end":{"line":41,"column":null}},"loc":{"start":{"line":41,"column":71},"end":{"line":49,"column":1}}},"9":{"name":"(anonymous_17)","decl":{"start":{"line":51,"column":41},"end":{"line":51,"column":48}},"loc":{"start":{"line":51,"column":79},"end":{"line":67,"column":2}}},"10":{"name":"(anonymous_18)","decl":{"start":{"line":51,"column":79},"end":{"line":51,"column":null}},"loc":{"start":{"line":51,"column":79},"end":{"line":67,"column":1}}},"11":{"name":"(anonymous_19)","decl":{"start":{"line":69,"column":49},"end":{"line":69,"column":56}},"loc":{"start":{"line":69,"column":87},"end":{"line":79,"column":2}}},"12":{"name":"(anonymous_20)","decl":{"start":{"line":69,"column":87},"end":{"line":69,"column":null}},"loc":{"start":{"line":69,"column":87},"end":{"line":79,"column":1}}},"13":{"name":"(anonymous_21)","decl":{"start":{"line":81,"column":40},"end":{"line":81,"column":47}},"loc":{"start":{"line":81,"column":78},"end":{"line":93,"column":2}}},"14":{"name":"(anonymous_22)","decl":{"start":{"line":81,"column":78},"end":{"line":81,"column":null}},"loc":{"start":{"line":81,"column":78},"end":{"line":93,"column":1}}},"15":{"name":"(anonymous_23)","decl":{"start":{"line":95,"column":38},"end":{"line":95,"column":39}},"loc":{"start":{"line":95,"column":97},"end":{"line":108,"column":1}}},"16":{"name":"(anonymous_24)","decl":{"start":{"line":110,"column":27},"end":{"line":110,"column":28}},"loc":{"start":{"line":110,"column":59},"end":{"line":123,"column":1}}},"17":{"name":"(anonymous_25)","decl":{"start":{"line":125,"column":22},"end":{"line":125,"column":23}},"loc":{"start":{"line":125,"column":40},"end":{"line":128,"column":1}}}},"branchMap":{"0":{"loc":{"start":{"line":9,"column":2},"end":{"line":9,"column":92}},"type":"if","locations":[{"start":{"line":9,"column":2},"end":{"line":9,"column":92}}]},"1":{"loc":{"start":{"line":9,"column":6},"end":{"line":9,"column":28}},"type":"binary-expr","locations":[{"start":{"line":9,"column":6},"end":{"line":9,"column":15}},{"start":{"line":9,"column":19},"end":{"line":9,"column":28}}]},"2":{"loc":{"start":{"line":23,"column":4},"end":{"line":23,"column":70}},"type":"if","locations":[{"start":{"line":23,"column":4},"end":{"line":23,"column":70}}]},"3":{"loc":{"start":{"line":28,"column":4},"end":{"line":28,"column":30}},"type":"if","locations":[{"start":{"line":28,"column":4},"end":{"line":28,"column":30}}]},"4":{"loc":{"start":{"line":36,"column":2},"end":{"line":36,"column":45}},"type":"if","locations":[{"start":{"line":36,"column":2},"end":{"line":36,"column":45}}]},"5":{"loc":{"start":{"line":54,"column":4},"end":{"line":54,"column":74}},"type":"if","locations":[{"start":{"line":54,"column":4},"end":{"line":54,"column":74}}]},"6":{"loc":{"start":{"line":56,"column":2},"end":{"line":56,"column":92}},"type":"if","locations":[{"start":{"line":56,"column":2},"end":{"line":56,"column":92}}]},"7":{"loc":{"start":{"line":58,"column":2},"end":{"line":58,"column":72}},"type":"if","locations":[{"start":{"line":58,"column":2},"end":{"line":58,"column":72}}]},"8":{"loc":{"start":{"line":71,"column":2},"end":{"line":71,"column":59}},"type":"if","locations":[{"start":{"line":71,"column":2},"end":{"line":71,"column":59}}]},"9":{"loc":{"start":{"line":72,"column":2},"end":{"line":72,"column":73}},"type":"if","locations":[{"start":{"line":72,"column":2},"end":{"line":72,"column":73}}]},"10":{"loc":{"start":{"line":85,"column":4},"end":{"line":85,"column":74}},"type":"if","locations":[{"start":{"line":85,"column":4},"end":{"line":85,"column":74}}]},"11":{"loc":{"start":{"line":95,"column":81},"end":{"line":95,"column":93}},"type":"default-arg","locations":[{"start":{"line":95,"column":90},"end":{"line":95,"column":93}}]},"12":{"loc":{"start":{"line":119,"column":2},"end":{"line":119,"column":88}},"type":"if","locations":[{"start":{"line":119,"column":2},"end":{"line":119,"column":88}}]},"13":{"loc":{"start":{"line":121,"column":4},"end":{"line":121,"column":82}},"type":"if","locations":[{"start":{"line":121,"column":4},"end":{"line":121,"column":82}}]}},"s":{"0":0,"1":0,"2":0,"3":0,"4":0,"5":0,"6":0,"7":0,"8":0,"9":0,"10":0,"11":0,"12":0,"13":0,"14":0,"15":0,"16":0,"17":0,"18":0,"19":0,"20":0,"21":0,"22":0,"23":0,"24":0,"25":0,"26":0,"27":0,"28":0,"29":0,"30":0,"31":0,"32":0,"33":0,"34":0,"35":0,"36":0,"37":0,"38":0,"39":0,"40":0,"41":0,"42":0,"43":0,"44":0,"45":0,"46":0,"47":0,"48":0,"49":0,"50":0,"51":0,"52":0,"53":0,"54":0,"55":0,"56":0,"57":0,"58":0,"59":0,"60":0,"61":0,"62":0,"63":0,"64":0,"65":0,"66":0,"67":0,"68":0,"69":0,"70":0,"71":0,"72":0,"73":0,"74":0,"75":0,"76":0,"77":0,"78":0,"79":0,"80":0,"81":0,"82":0,"83":0,"84":0,"85":0,"86":0,"87":0,"88":0,"89":0,"90":0},"f":{"0":0,"1":0,"2":0,"3":0,"4":0,"5":0,"6":0,"7":0,"8":0,"9":0,"10":0,"11":0,"12":0,"13":0,"14":0,"15":0,"16":0,"17":0},"b":{"0":[0],"1":[0,0],"2":[0],"3":[0],"4":[0],"5":[0],"6":[0],"7":[0],"8":[0],"9":[0],"10":[0],"11":[0],"12":[0],"13":[0]}}
,"C:\\dev\\Roza\\backend\\src\\controllers\\book\\bookController.ts": {"path":"C:\\dev\\Roza\\backend\\src\\controllers\\book\\bookController.ts","statementMap":{"0":{"start":{"line":1,"column":0},"end":{"line":1,"column":57}},"1":{"start":{"line":2,"column":0},"end":{"line":2,"column":80}},"2":{"start":{"line":4,"column":0},"end":{"line":4,"column":69}},"3":{"start":{"line":11,"column":17},"end":{"line":78,"column":2}},"4":{"start":{"line":11,"column":93},"end":{"line":78,"column":2}},"5":{"start":{"line":12,"column":25},"end":{"line":12,"column":51}},"6":{"start":{"line":13,"column":2},"end":{"line":13,"column":76}},"7":{"start":{"line":13,"column":23},"end":{"line":13,"column":76}},"8":{"start":{"line":14,"column":38},"end":{"line":14,"column":47}},"9":{"start":{"line":16,"column":16},"end":{"line":18,"column":47}},"10":{"start":{"line":20,"column":2},"end":{"line":23,"column":3}},"11":{"start":{"line":21,"column":4},"end":{"line":21,"column":97}},"12":{"start":{"line":22,"column":4},"end":{"line":22,"column":50}},"13":{"start":{"line":25,"column":17},"end":{"line":25,"column":35}},"14":{"start":{"line":72,"column":2},"end":{"line":77,"column":5}},"15":{"start":{"line":116,"column":9},"end":{"line":116,"column":17}},"16":{"start":{"line":80,"column":20},"end":{"line":90,"column":2}},"17":{"start":{"line":80,"column":96},"end":{"line":90,"column":2}},"18":{"start":{"line":81,"column":17},"end":{"line":81,"column":27}},"19":{"start":{"line":82,"column":25},"end":{"line":82,"column":51}},"20":{"start":{"line":83,"column":15},"end":{"line":83,"column":94}},"21":{"start":{"line":84,"column":2},"end":{"line":84,"column":77}},"22":{"start":{"line":84,"column":13},"end":{"line":84,"column":77}},"23":{"start":{"line":86,"column":2},"end":{"line":89,"column":5}},"24":{"start":{"line":116,"column":19},"end":{"line":116,"column":30}},"25":{"start":{"line":92,"column":16},"end":{"line":100,"column":2}},"26":{"start":{"line":92,"column":92},"end":{"line":100,"column":2}},"27":{"start":{"line":93,"column":25},"end":{"line":93,"column":51}},"28":{"start":{"line":94,"column":15},"end":{"line":94,"column":78}},"29":{"start":{"line":96,"column":2},"end":{"line":99,"column":5}},"30":{"start":{"line":116,"column":32},"end":{"line":116,"column":39}},"31":{"start":{"line":102,"column":19},"end":{"line":114,"column":2}},"32":{"start":{"line":102,"column":95},"end":{"line":114,"column":2}},"33":{"start":{"line":103,"column":17},"end":{"line":103,"column":27}},"34":{"start":{"line":104,"column":25},"end":{"line":104,"column":51}},"35":{"start":{"line":105,"column":15},"end":{"line":108,"column":4}},"36":{"start":{"line":110,"column":2},"end":{"line":113,"column":5}},"37":{"start":{"line":116,"column":41},"end":{"line":116,"column":51}}},"fnMap":{"0":{"name":"(anonymous_7)","decl":{"start":{"line":11,"column":35},"end":{"line":11,"column":42}},"loc":{"start":{"line":11,"column":93},"end":{"line":78,"column":2}}},"1":{"name":"(anonymous_8)","decl":{"start":{"line":11,"column":93},"end":{"line":11,"column":null}},"loc":{"start":{"line":11,"column":93},"end":{"line":78,"column":1}}},"2":{"name":"(anonymous_9)","decl":{"start":{"line":80,"column":38},"end":{"line":80,"column":45}},"loc":{"start":{"line":80,"column":96},"end":{"line":90,"column":2}}},"3":{"name":"(anonymous_10)","decl":{"start":{"line":80,"column":96},"end":{"line":80,"column":null}},"loc":{"start":{"line":80,"column":96},"end":{"line":90,"column":1}}},"4":{"name":"(anonymous_11)","decl":{"start":{"line":92,"column":34},"end":{"line":92,"column":41}},"loc":{"start":{"line":92,"column":92},"end":{"line":100,"column":2}}},"5":{"name":"(anonymous_12)","decl":{"start":{"line":92,"column":92},"end":{"line":92,"column":null}},"loc":{"start":{"line":92,"column":92},"end":{"line":100,"column":1}}},"6":{"name":"(anonymous_13)","decl":{"start":{"line":102,"column":37},"end":{"line":102,"column":44}},"loc":{"start":{"line":102,"column":95},"end":{"line":114,"column":2}}},"7":{"name":"(anonymous_14)","decl":{"start":{"line":102,"column":95},"end":{"line":102,"column":null}},"loc":{"start":{"line":102,"column":95},"end":{"line":114,"column":1}}}},"branchMap":{"0":{"loc":{"start":{"line":13,"column":2},"end":{"line":13,"column":76}},"type":"if","locations":[{"start":{"line":13,"column":2},"end":{"line":13,"column":76}}]},"1":{"loc":{"start":{"line":17,"column":11},"end":{"line":17,"column":50}},"type":"cond-expr","locations":[{"start":{"line":17,"column":19},"end":{"line":17,"column":45}},{"start":{"line":17,"column":48},"end":{"line":17,"column":50}}]},"2":{"loc":{"start":{"line":18,"column":10},"end":{"line":18,"column":46}},"type":"cond-expr","locations":[{"start":{"line":18,"column":17},"end":{"line":18,"column":32}},{"start":{"line":18,"column":35},"end":{"line":18,"column":46}}]},"3":{"loc":{"start":{"line":20,"column":2},"end":{"line":23,"column":3}},"type":"if","locations":[{"start":{"line":20,"column":2},"end":{"line":23,"column":3}}]},"4":{"loc":{"start":{"line":84,"column":2},"end":{"line":84,"column":77}},"type":"if","locations":[{"start":{"line":84,"column":2},"end":{"line":84,"column":77}}]}},"s":{"0":0,"1":0,"2":0,"3":0,"4":0,"5":0,"6":0,"7":0,"8":0,"9":0,"10":0,"11":0,"12":0,"13":0,"14":0,"15":0,"16":0,"17":0,"18":0,"19":0,"20":0,"21":0,"22":0,"23":0,"24":0,"25":0,"26":0,"27":0,"28":0,"29":0,"30":0,"31":0,"32":0,"33":0,"34":0,"35":0,"36":0,"37":0},"f":{"0":0,"1":0,"2":0,"3":0,"4":0,"5":0,"6":0,"7":0},"b":{"0":[0],"1":[0,0],"2":[0,0],"3":[0],"4":[0]}}
,"C:\\dev\\Roza\\backend\\src\\controllers\\user\\userController.ts": {"path":"C:\\dev\\Roza\\backend\\src\\controllers\\user\\userController.ts","statementMap":{"0":{"start":{"line":2,"column":0},"end":{"line":2,"column":58}},"1":{"start":{"line":3,"column":0},"end":{"line":3,"column":null}},"2":{"start":{"line":8,"column":0},"end":{"line":8,"column":null}},"3":{"start":{"line":15,"column":0},"end":{"line":15,"column":56}},"4":{"start":{"line":16,"column":0},"end":{"line":16,"column":69}},"5":{"start":{"line":18,"column":17},"end":{"line":18,"column":34}},"6":{"start":{"line":64,"column":2},"end":{"line":64,"column":10}},"7":{"start":{"line":20,"column":20},"end":{"line":20,"column":37}},"8":{"start":{"line":65,"column":2},"end":{"line":65,"column":13}},"9":{"start":{"line":21,"column":16},"end":{"line":21,"column":36}},"10":{"start":{"line":67,"column":2},"end":{"line":67,"column":9}},"11":{"start":{"line":22,"column":19},"end":{"line":22,"column":93}},"12":{"start":{"line":68,"column":2},"end":{"line":68,"column":12}},"13":{"start":{"line":24,"column":19},"end":{"line":24,"column":39}},"14":{"start":{"line":69,"column":2},"end":{"line":69,"column":12}},"15":{"start":{"line":26,"column":26},"end":{"line":36,"column":2}},"16":{"start":{"line":26,"column":97},"end":{"line":36,"column":2}},"17":{"start":{"line":27,"column":23},"end":{"line":27,"column":33}},"18":{"start":{"line":28,"column":2},"end":{"line":28,"column":70}},"19":{"start":{"line":28,"column":17},"end":{"line":28,"column":70}},"20":{"start":{"line":29,"column":15},"end":{"line":29,"column":56}},"21":{"start":{"line":31,"column":2},"end":{"line":35,"column":5}},"22":{"start":{"line":66,"column":2},"end":{"line":66,"column":19}},"23":{"start":{"line":38,"column":27},"end":{"line":49,"column":2}},"24":{"start":{"line":38,"column":98},"end":{"line":49,"column":2}},"25":{"start":{"line":39,"column":23},"end":{"line":39,"column":31}},"26":{"start":{"line":40,"column":2},"end":{"line":40,"column":41}},"27":{"start":{"line":41,"column":25},"end":{"line":41,"column":51}},"28":{"start":{"line":42,"column":2},"end":{"line":42,"column":69}},"29":{"start":{"line":42,"column":23},"end":{"line":42,"column":69}},"30":{"start":{"line":43,"column":22},"end":{"line":43,"column":76}},"31":{"start":{"line":45,"column":2},"end":{"line":48,"column":5}},"32":{"start":{"line":70,"column":2},"end":{"line":70,"column":20}},"33":{"start":{"line":51,"column":27},"end":{"line":61,"column":2}},"34":{"start":{"line":51,"column":98},"end":{"line":61,"column":2}},"35":{"start":{"line":52,"column":25},"end":{"line":52,"column":51}},"36":{"start":{"line":53,"column":2},"end":{"line":53,"column":69}},"37":{"start":{"line":53,"column":23},"end":{"line":53,"column":69}},"38":{"start":{"line":55,"column":2},"end":{"line":55,"column":50}},"39":{"start":{"line":57,"column":2},"end":{"line":60,"column":5}},"40":{"start":{"line":71,"column":2},"end":{"line":71,"column":20}}},"fnMap":{"0":{"name":"(anonymous_8)","decl":{"start":{"line":26,"column":44},"end":{"line":26,"column":51}},"loc":{"start":{"line":26,"column":97},"end":{"line":36,"column":2}}},"1":{"name":"(anonymous_9)","decl":{"start":{"line":26,"column":97},"end":{"line":26,"column":null}},"loc":{"start":{"line":26,"column":97},"end":{"line":36,"column":1}}},"2":{"name":"(anonymous_10)","decl":{"start":{"line":38,"column":45},"end":{"line":38,"column":52}},"loc":{"start":{"line":38,"column":98},"end":{"line":49,"column":2}}},"3":{"name":"(anonymous_11)","decl":{"start":{"line":38,"column":98},"end":{"line":38,"column":null}},"loc":{"start":{"line":38,"column":98},"end":{"line":49,"column":1}}},"4":{"name":"(anonymous_12)","decl":{"start":{"line":51,"column":45},"end":{"line":51,"column":52}},"loc":{"start":{"line":51,"column":98},"end":{"line":61,"column":2}}},"5":{"name":"(anonymous_13)","decl":{"start":{"line":51,"column":98},"end":{"line":51,"column":null}},"loc":{"start":{"line":51,"column":98},"end":{"line":61,"column":1}}}},"branchMap":{"0":{"loc":{"start":{"line":28,"column":2},"end":{"line":28,"column":70}},"type":"if","locations":[{"start":{"line":28,"column":2},"end":{"line":28,"column":70}}]},"1":{"loc":{"start":{"line":42,"column":2},"end":{"line":42,"column":69}},"type":"if","locations":[{"start":{"line":42,"column":2},"end":{"line":42,"column":69}}]},"2":{"loc":{"start":{"line":53,"column":2},"end":{"line":53,"column":69}},"type":"if","locations":[{"start":{"line":53,"column":2},"end":{"line":53,"column":69}}]}},"s":{"0":1,"1":1,"2":1,"3":1,"4":1,"5":1,"6":1,"7":1,"8":1,"9":1,"10":1,"11":1,"12":1,"13":1,"14":1,"15":1,"16":3,"17":3,"18":3,"19":1,"20":2,"21":1,"22":1,"23":1,"24":4,"25":4,"26":4,"27":3,"28":3,"29":1,"30":2,"31":1,"32":1,"33":1,"34":4,"35":4,"36":4,"37":1,"38":3,"39":1,"40":1},"f":{"0":3,"1":3,"2":4,"3":4,"4":4,"5":4},"b":{"0":[1],"1":[1],"2":[1]}}
,"C:\\dev\\Roza\\backend\\src\\middlewares\\HTMLSanitizer\\HTMLSanitizerMiddleware.ts": {"path":"C:\\dev\\Roza\\backend\\src\\middlewares\\HTMLSanitizer\\HTMLSanitizerMiddleware.ts","statementMap":{"0":{"start":{"line":1,"column":0},"end":{"line":1,"column":41}},"1":{"start":{"line":5,"column":2},"end":{"line":11,"column":3}},"2":{"start":{"line":6,"column":26},"end":{"line":6,"column":55}},"3":{"start":{"line":7,"column":26},"end":{"line":7,"column":55}},"4":{"start":{"line":8,"column":4},"end":{"line":8,"column":51}},"5":{"start":{"line":8,"column":42},"end":{"line":8,"column":51}},"6":{"start":{"line":9,"column":4},"end":{"line":9,"column":69}},"7":{"start":{"line":9,"column":23},"end":{"line":9,"column":69}},"8":{"start":{"line":10,"column":4},"end":{"line":10,"column":75}},"9":{"start":{"line":10,"column":23},"end":{"line":10,"column":75}},"10":{"start":{"line":15,"column":2},"end":{"line":18,"column":3}},"11":{"start":{"line":16,"column":4},"end":{"line":16,"column":50}},"12":{"start":{"line":16,"column":41},"end":{"line":16,"column":50}},"13":{"start":{"line":17,"column":4},"end":{"line":17,"column":54}},"14":{"start":{"line":22,"column":2},"end":{"line":25,"column":3}},"15":{"start":{"line":23,"column":4},"end":{"line":23,"column":49}},"16":{"start":{"line":23,"column":40},"end":{"line":23,"column":49}},"17":{"start":{"line":24,"column":4},"end":{"line":24,"column":52}},"18":{"start":{"line":29,"column":19},"end":{"line":29,"column":22}},"19":{"start":{"line":30,"column":21},"end":{"line":30,"column":24}},"20":{"start":{"line":31,"column":20},"end":{"line":31,"column":23}},"21":{"start":{"line":32,"column":2},"end":{"line":32,"column":32}},"22":{"start":{"line":32,"column":12},"end":{"line":32,"column":32}},"23":{"start":{"line":33,"column":2},"end":{"line":33,"column":38}},"24":{"start":{"line":33,"column":14},"end":{"line":33,"column":38}},"25":{"start":{"line":34,"column":2},"end":{"line":34,"column":35}},"26":{"start":{"line":34,"column":13},"end":{"line":34,"column":35}},"27":{"start":{"line":35,"column":2},"end":{"line":35,"column":9}},"28":{"start":{"line":38,"column":0},"end":{"line":38,"column":32}}},"fnMap":{"0":{"name":"_sanitizeBody","decl":{"start":{"line":4,"column":9},"end":{"line":4,"column":22}},"loc":{"start":{"line":4,"column":52},"end":{"line":12,"column":1}}},"1":{"name":"_sanitizeParams","decl":{"start":{"line":14,"column":9},"end":{"line":14,"column":24}},"loc":{"start":{"line":14,"column":56},"end":{"line":19,"column":1}}},"2":{"name":"_sanitizeQuery","decl":{"start":{"line":21,"column":9},"end":{"line":21,"column":23}},"loc":{"start":{"line":21,"column":54},"end":{"line":26,"column":1}}},"3":{"name":"requestSanitizer","decl":{"start":{"line":28,"column":9},"end":{"line":28,"column":25}},"loc":{"start":{"line":28,"column":73},"end":{"line":36,"column":1}}}},"branchMap":{"0":{"loc":{"start":{"line":8,"column":4},"end":{"line":8,"column":51}},"type":"if","locations":[{"start":{"line":8,"column":4},"end":{"line":8,"column":51}}]},"1":{"loc":{"start":{"line":8,"column":8},"end":{"line":8,"column":40}},"type":"binary-expr","locations":[{"start":{"line":8,"column":8},"end":{"line":8,"column":22}},{"start":{"line":8,"column":26},"end":{"line":8,"column":40}}]},"2":{"loc":{"start":{"line":9,"column":4},"end":{"line":9,"column":69}},"type":"if","locations":[{"start":{"line":9,"column":4},"end":{"line":9,"column":69}}]},"3":{"loc":{"start":{"line":10,"column":4},"end":{"line":10,"column":75}},"type":"if","locations":[{"start":{"line":10,"column":4},"end":{"line":10,"column":75}}]},"4":{"loc":{"start":{"line":16,"column":4},"end":{"line":16,"column":50}},"type":"if","locations":[{"start":{"line":16,"column":4},"end":{"line":16,"column":50}}]},"5":{"loc":{"start":{"line":23,"column":4},"end":{"line":23,"column":49}},"type":"if","locations":[{"start":{"line":23,"column":4},"end":{"line":23,"column":49}}]},"6":{"loc":{"start":{"line":32,"column":2},"end":{"line":32,"column":32}},"type":"if","locations":[{"start":{"line":32,"column":2},"end":{"line":32,"column":32}}]},"7":{"loc":{"start":{"line":33,"column":2},"end":{"line":33,"column":38}},"type":"if","locations":[{"start":{"line":33,"column":2},"end":{"line":33,"column":38}}]},"8":{"loc":{"start":{"line":34,"column":2},"end":{"line":34,"column":35}},"type":"if","locations":[{"start":{"line":34,"column":2},"end":{"line":34,"column":35}}]}},"s":{"0":1,"1":6,"2":4,"3":4,"4":4,"5":0,"6":4,"7":3,"8":4,"9":1,"10":5,"11":1,"12":0,"13":1,"14":5,"15":1,"16":0,"17":1,"18":5,"19":5,"20":5,"21":5,"22":5,"23":5,"24":5,"25":5,"26":5,"27":5,"28":1},"f":{"0":6,"1":5,"2":5,"3":5},"b":{"0":[0],"1":[4,1],"2":[3],"3":[1],"4":[0],"5":[0],"6":[5],"7":[5],"8":[5]}}
,"C:\\dev\\Roza\\backend\\src\\middlewares\\authGuards\\authGuardsMiddleware.ts": {"path":"C:\\dev\\Roza\\backend\\src\\middlewares\\authGuards\\authGuardsMiddleware.ts","statementMap":{"0":{"start":{"line":2,"column":0},"end":{"line":2,"column":80}},"1":{"start":{"line":3,"column":0},"end":{"line":3,"column":56}},"2":{"start":{"line":4,"column":0},"end":{"line":4,"column":61}},"3":{"start":{"line":5,"column":0},"end":{"line":5,"column":65}},"4":{"start":{"line":6,"column":0},"end":{"line":6,"column":69}},"5":{"start":{"line":8,"column":32},"end":{"line":25,"column":null}},"6":{"start":{"line":9,"column":60},"end":{"line":25,"column":null}},"7":{"start":{"line":10,"column":18},"end":{"line":10,"column":55}},"8":{"start":{"line":11,"column":4},"end":{"line":12,"column":92}},"9":{"start":{"line":12,"column":6},"end":{"line":12,"column":92}},"10":{"start":{"line":13,"column":26},"end":{"line":13,"column":63}},"11":{"start":{"line":14,"column":4},"end":{"line":14,"column":72}},"12":{"start":{"line":14,"column":24},"end":{"line":14,"column":72}},"13":{"start":{"line":15,"column":30},"end":{"line":15,"column":43}},"14":{"start":{"line":17,"column":4},"end":{"line":17,"column":79}},"15":{"start":{"line":17,"column":29},"end":{"line":17,"column":79}},"16":{"start":{"line":18,"column":24},"end":{"line":18,"column":91}},"17":{"start":{"line":19,"column":4},"end":{"line":20,"column":89}},"18":{"start":{"line":20,"column":6},"end":{"line":20,"column":89}},"19":{"start":{"line":21,"column":33},"end":{"line":21,"column":76}},"20":{"start":{"line":22,"column":4},"end":{"line":23,"column":93}},"21":{"start":{"line":23,"column":6},"end":{"line":23,"column":93}},"22":{"start":{"line":24,"column":4},"end":{"line":24,"column":11}},"23":{"start":{"line":40,"column":9},"end":{"line":40,"column":32}},"24":{"start":{"line":28,"column":32},"end":{"line":37,"column":null}},"25":{"start":{"line":29,"column":60},"end":{"line":37,"column":null}},"26":{"start":{"line":30,"column":27},"end":{"line":30,"column":53}},"27":{"start":{"line":31,"column":4},"end":{"line":31,"column":71}},"28":{"start":{"line":31,"column":25},"end":{"line":31,"column":71}},"29":{"start":{"line":32,"column":17},"end":{"line":32,"column":96}},"30":{"start":{"line":33,"column":4},"end":{"line":33,"column":57}},"31":{"start":{"line":33,"column":15},"end":{"line":33,"column":57}},"32":{"start":{"line":34,"column":4},"end":{"line":35,"column":83}},"33":{"start":{"line":35,"column":6},"end":{"line":35,"column":83}},"34":{"start":{"line":36,"column":4},"end":{"line":36,"column":11}},"35":{"start":{"line":40,"column":34},"end":{"line":40,"column":57}}},"fnMap":{"0":{"name":"(anonymous_8)","decl":{"start":{"line":9,"column":2},"end":{"line":9,"column":9}},"loc":{"start":{"line":9,"column":60},"end":{"line":25,"column":null}}},"1":{"name":"(anonymous_9)","decl":{"start":{"line":9,"column":60},"end":{"line":9,"column":null}},"loc":{"start":{"line":9,"column":60},"end":{"line":25,"column":3}}},"2":{"name":"(anonymous_10)","decl":{"start":{"line":29,"column":2},"end":{"line":29,"column":9}},"loc":{"start":{"line":29,"column":60},"end":{"line":37,"column":null}}},"3":{"name":"(anonymous_11)","decl":{"start":{"line":29,"column":60},"end":{"line":29,"column":null}},"loc":{"start":{"line":29,"column":60},"end":{"line":37,"column":3}}}},"branchMap":{"0":{"loc":{"start":{"line":11,"column":4},"end":{"line":12,"column":92}},"type":"if","locations":[{"start":{"line":11,"column":4},"end":{"line":12,"column":92}}]},"1":{"loc":{"start":{"line":14,"column":4},"end":{"line":14,"column":72}},"type":"if","locations":[{"start":{"line":14,"column":4},"end":{"line":14,"column":72}}]},"2":{"loc":{"start":{"line":17,"column":4},"end":{"line":17,"column":79}},"type":"if","locations":[{"start":{"line":17,"column":4},"end":{"line":17,"column":79}}]},"3":{"loc":{"start":{"line":19,"column":4},"end":{"line":20,"column":89}},"type":"if","locations":[{"start":{"line":19,"column":4},"end":{"line":20,"column":89}}]},"4":{"loc":{"start":{"line":22,"column":4},"end":{"line":23,"column":93}},"type":"if","locations":[{"start":{"line":22,"column":4},"end":{"line":23,"column":93}}]},"5":{"loc":{"start":{"line":31,"column":4},"end":{"line":31,"column":71}},"type":"if","locations":[{"start":{"line":31,"column":4},"end":{"line":31,"column":71}}]},"6":{"loc":{"start":{"line":33,"column":4},"end":{"line":33,"column":57}},"type":"if","locations":[{"start":{"line":33,"column":4},"end":{"line":33,"column":57}}]},"7":{"loc":{"start":{"line":34,"column":4},"end":{"line":35,"column":83}},"type":"if","locations":[{"start":{"line":34,"column":4},"end":{"line":35,"column":83}}]}},"s":{"0":0,"1":0,"2":0,"3":0,"4":0,"5":0,"6":0,"7":0,"8":0,"9":0,"10":0,"11":0,"12":0,"13":0,"14":0,"15":0,"16":0,"17":0,"18":0,"19":0,"20":0,"21":0,"22":0,"23":0,"24":0,"25":0,"26":0,"27":0,"28":0,"29":0,"30":0,"31":0,"32":0,"33":0,"34":0,"35":0},"f":{"0":0,"1":0,"2":0,"3":0},"b":{"0":[0],"1":[0],"2":[0],"3":[0],"4":[0],"5":[0],"6":[0],"7":[0]}}
,"C:\\dev\\Roza\\backend\\src\\middlewares\\logger\\loggerMiddleware.ts": {"path":"C:\\dev\\Roza\\backend\\src\\middlewares\\logger\\loggerMiddleware.ts","statementMap":{"0":{"start":{"line":2,"column":0},"end":{"line":2,"column":70}},"1":{"start":{"line":3,"column":0},"end":{"line":3,"column":61}},"2":{"start":{"line":5,"column":13},"end":{"line":21,"column":2}},"3":{"start":{"line":6,"column":60},"end":{"line":20,"column":null}},"4":{"start":{"line":7,"column":36},"end":{"line":7,"column":39}},"5":{"start":{"line":8,"column":18},"end":{"line":8,"column":28}},"6":{"start":{"line":9,"column":16},"end":{"line":9,"column":42}},"7":{"start":{"line":10,"column":4},"end":{"line":10,"column":21}},"8":{"start":{"line":12,"column":4},"end":{"line":17,"column":7}},"9":{"start":{"line":13,"column":6},"end":{"line":13,"column":40}},"10":{"start":{"line":13,"column":33},"end":{"line":13,"column":40}},"11":{"start":{"line":14,"column":23},"end":{"line":14,"column":41}},"12":{"start":{"line":15,"column":18},"end":{"line":15,"column":76}},"13":{"start":{"line":16,"column":6},"end":{"line":16,"column":26}},"14":{"start":{"line":19,"column":4},"end":{"line":19,"column":11}}},"fnMap":{"0":{"name":"(anonymous_7)","decl":{"start":{"line":6,"column":2},"end":{"line":6,"column":9}},"loc":{"start":{"line":6,"column":60},"end":{"line":20,"column":null}}},"1":{"name":"(anonymous_8)","decl":{"start":{"line":6,"column":60},"end":{"line":6,"column":null}},"loc":{"start":{"line":6,"column":60},"end":{"line":20,"column":3}}},"2":{"name":"(anonymous_9)","decl":{"start":{"line":12,"column":21},"end":{"line":12,"column":24}},"loc":{"start":{"line":12,"column":26},"end":{"line":17,"column":5}}}},"branchMap":{"0":{"loc":{"start":{"line":13,"column":6},"end":{"line":13,"column":40}},"type":"if","locations":[{"start":{"line":13,"column":6},"end":{"line":13,"column":40}}]}},"s":{"0":1,"1":1,"2":1,"3":3,"4":3,"5":3,"6":3,"7":3,"8":3,"9":3,"10":1,"11":2,"12":2,"13":2,"14":3},"f":{"0":3,"1":3,"2":3},"b":{"0":[1]}}
,"C:\\dev\\Roza\\backend\\src\\middlewares\\setupALS\\setupALSMiddleware.ts": {"path":"C:\\dev\\Roza\\backend\\src\\middlewares\\setupALS\\setupALSMiddleware.ts","statementMap":{"0":{"start":{"line":2,"column":0},"end":{"line":2,"column":62}},"1":{"start":{"line":3,"column":0},"end":{"line":3,"column":70}},"2":{"start":{"line":4,"column":0},"end":{"line":4,"column":61}},"3":{"start":{"line":7,"column":31},"end":{"line":19,"column":null}},"4":{"start":{"line":8,"column":60},"end":{"line":19,"column":null}},"5":{"start":{"line":9,"column":20},"end":{"line":9,"column":22}},"6":{"start":{"line":10,"column":4},"end":{"line":18,"column":7}},"7":{"start":{"line":10,"column":46},"end":{"line":18,"column":6}},"8":{"start":{"line":11,"column":20},"end":{"line":11,"column":57}},"9":{"start":{"line":12,"column":6},"end":{"line":12,"column":32}},"10":{"start":{"line":12,"column":18},"end":{"line":12,"column":32}},"11":{"start":{"line":13,"column":28},"end":{"line":13,"column":65}},"12":{"start":{"line":14,"column":6},"end":{"line":14,"column":40}},"13":{"start":{"line":14,"column":26},"end":{"line":14,"column":40}},"14":{"start":{"line":15,"column":23},"end":{"line":15,"column":66}},"15":{"start":{"line":16,"column":6},"end":{"line":16,"column":49}},"16":{"start":{"line":17,"column":6},"end":{"line":17,"column":13}},"17":{"start":{"line":22,"column":0},"end":{"line":22,"column":38}}},"fnMap":{"0":{"name":"(anonymous_8)","decl":{"start":{"line":8,"column":2},"end":{"line":8,"column":9}},"loc":{"start":{"line":8,"column":60},"end":{"line":19,"column":null}}},"1":{"name":"(anonymous_9)","decl":{"start":{"line":8,"column":60},"end":{"line":8,"column":null}},"loc":{"start":{"line":8,"column":60},"end":{"line":19,"column":3}}},"2":{"name":"(anonymous_10)","decl":{"start":{"line":10,"column":35},"end":{"line":10,"column":44}},"loc":{"start":{"line":10,"column":46},"end":{"line":18,"column":6}}},"3":{"name":"(anonymous_11)","decl":{"start":{"line":10,"column":46},"end":{"line":10,"column":null}},"loc":{"start":{"line":10,"column":46},"end":{"line":18,"column":5}}}},"branchMap":{"0":{"loc":{"start":{"line":12,"column":6},"end":{"line":12,"column":32}},"type":"if","locations":[{"start":{"line":12,"column":6},"end":{"line":12,"column":32}}]},"1":{"loc":{"start":{"line":14,"column":6},"end":{"line":14,"column":40}},"type":"if","locations":[{"start":{"line":14,"column":6},"end":{"line":14,"column":40}}]}},"s":{"0":1,"1":1,"2":1,"3":1,"4":3,"5":3,"6":3,"7":3,"8":3,"9":3,"10":1,"11":2,"12":2,"13":1,"14":1,"15":1,"16":1,"17":1},"f":{"0":3,"1":3,"2":3,"3":3},"b":{"0":[1],"1":[1]}}
,"C:\\dev\\Roza\\backend\\src\\models\\books\\bookModel.ts": {"path":"C:\\dev\\Roza\\backend\\src\\models\\books\\bookModel.ts","statementMap":{"0":{"start":{"line":1,"column":0},"end":{"line":1,"column":33}},"1":{"start":{"line":2,"column":0},"end":{"line":2,"column":50}},"2":{"start":{"line":5,"column":18},"end":{"line":5,"column":59}},"3":{"start":{"line":7,"column":9},"end":{"line":7,"column":18}}},"fnMap":{},"branchMap":{},"s":{"0":0,"1":0,"2":0,"3":0},"f":{},"b":{}}
,"C:\\dev\\Roza\\backend\\src\\models\\books\\schemas\\bookSchema.ts": {"path":"C:\\dev\\Roza\\backend\\src\\models\\books\\schemas\\bookSchema.ts","statementMap":{"0":{"start":{"line":1,"column":0},"end":{"line":1,"column":51}},"1":{"start":{"line":2,"column":0},"end":{"line":2,"column":48}},"2":{"start":{"line":4,"column":0},"end":{"line":4,"column":52}},"3":{"start":{"line":5,"column":0},"end":{"line":5,"column":44}},"4":{"start":{"line":6,"column":0},"end":{"line":6,"column":50}},"5":{"start":{"line":7,"column":0},"end":{"line":7,"column":42}},"6":{"start":{"line":9,"column":19},"end":{"line":51,"column":null}},"7":{"start":{"line":39,"column":8},"end":{"line":39,"column":23}},"8":{"start":{"line":40,"column":8},"end":{"line":40,"column":19}},"9":{"start":{"line":46,"column":8},"end":{"line":46,"column":23}},"10":{"start":{"line":47,"column":8},"end":{"line":47,"column":19}},"11":{"start":{"line":87,"column":9},"end":{"line":87,"column":19}},"12":{"start":{"line":54,"column":0},"end":{"line":61,"column":3}},"13":{"start":{"line":63,"column":0},"end":{"line":66,"column":3}},"14":{"start":{"line":64,"column":2},"end":{"line":64,"column":43}},"15":{"start":{"line":65,"column":2},"end":{"line":65,"column":9}},"16":{"start":{"line":68,"column":0},"end":{"line":73,"column":3}},"17":{"start":{"line":69,"column":2},"end":{"line":69,"column":27}},"18":{"start":{"line":69,"column":13},"end":{"line":69,"column":27}},"19":{"start":{"line":70,"column":2},"end":{"line":71,"column":33}},"20":{"start":{"line":70,"column":27},"end":{"line":70,"column":76}},"21":{"start":{"line":70,"column":51},"end":{"line":70,"column":76}},"22":{"start":{"line":71,"column":7},"end":{"line":71,"column":33}},"23":{"start":{"line":72,"column":2},"end":{"line":72,"column":9}},"24":{"start":{"line":76,"column":2},"end":{"line":76,"column":19}},"25":{"start":{"line":76,"column":12},"end":{"line":76,"column":19}},"26":{"start":{"line":77,"column":2},"end":{"line":78,"column":71}},"27":{"start":{"line":78,"column":4},"end":{"line":78,"column":71}},"28":{"start":{"line":78,"column":56},"end":{"line":78,"column":69}},"29":{"start":{"line":79,"column":2},"end":{"line":80,"column":77}},"30":{"start":{"line":80,"column":4},"end":{"line":80,"column":77}},"31":{"start":{"line":80,"column":62},"end":{"line":80,"column":75}},"32":{"start":{"line":81,"column":2},"end":{"line":81,"column":100}},"33":{"start":{"line":81,"column":39},"end":{"line":81,"column":100}},"34":{"start":{"line":81,"column":85},"end":{"line":81,"column":98}},"35":{"start":{"line":82,"column":2},"end":{"line":83,"column":74}},"36":{"start":{"line":83,"column":4},"end":{"line":83,"column":74}},"37":{"start":{"line":83,"column":59},"end":{"line":83,"column":72}},"38":{"start":{"line":84,"column":2},"end":{"line":84,"column":95}},"39":{"start":{"line":84,"column":37},"end":{"line":84,"column":95}},"40":{"start":{"line":84,"column":80},"end":{"line":84,"column":93}}},"fnMap":{"0":{"name":"(anonymous_7)","decl":{"start":{"line":38,"column":17},"end":{"line":38,"column":18}},"loc":{"start":{"line":38,"column":63},"end":{"line":41,"column":7}}},"1":{"name":"(anonymous_8)","decl":{"start":{"line":45,"column":17},"end":{"line":45,"column":18}},"loc":{"start":{"line":45,"column":63},"end":{"line":48,"column":7}}},"2":{"name":"(anonymous_9)","decl":{"start":{"line":63,"column":24},"end":{"line":63,"column":73}},"loc":{"start":{"line":63,"column":77},"end":{"line":66,"column":2}}},"3":{"name":"(anonymous_11)","decl":{"start":{"line":68,"column":25},"end":{"line":68,"column":41}},"loc":{"start":{"line":68,"column":51},"end":{"line":73,"column":2}}},"4":{"name":"filterArchivedItems","decl":{"start":{"line":75,"column":9},"end":{"line":75,"column":28}},"loc":{"start":{"line":75,"column":39},"end":{"line":85,"column":1}}},"5":{"name":"(anonymous_14)","decl":{"start":{"line":78,"column":39},"end":{"line":78,"column":40}},"loc":{"start":{"line":78,"column":56},"end":{"line":78,"column":69}}},"6":{"name":"(anonymous_15)","decl":{"start":{"line":80,"column":43},"end":{"line":80,"column":44}},"loc":{"start":{"line":80,"column":62},"end":{"line":80,"column":75}}},"7":{"name":"(anonymous_16)","decl":{"start":{"line":81,"column":70},"end":{"line":81,"column":71}},"loc":{"start":{"line":81,"column":85},"end":{"line":81,"column":98}}},"8":{"name":"(anonymous_17)","decl":{"start":{"line":83,"column":41},"end":{"line":83,"column":42}},"loc":{"start":{"line":83,"column":59},"end":{"line":83,"column":72}}},"9":{"name":"(anonymous_18)","decl":{"start":{"line":84,"column":66},"end":{"line":84,"column":67}},"loc":{"start":{"line":84,"column":80},"end":{"line":84,"column":93}}}},"branchMap":{"0":{"loc":{"start":{"line":69,"column":2},"end":{"line":69,"column":27}},"type":"if","locations":[{"start":{"line":69,"column":2},"end":{"line":69,"column":27}}]},"1":{"loc":{"start":{"line":70,"column":2},"end":{"line":71,"column":33}},"type":"if","locations":[{"start":{"line":70,"column":2},"end":{"line":71,"column":33}},{"start":{"line":71,"column":7},"end":{"line":71,"column":33}}]},"2":{"loc":{"start":{"line":76,"column":2},"end":{"line":76,"column":19}},"type":"if","locations":[{"start":{"line":76,"column":2},"end":{"line":76,"column":19}}]},"3":{"loc":{"start":{"line":77,"column":2},"end":{"line":78,"column":71}},"type":"if","locations":[{"start":{"line":77,"column":2},"end":{"line":78,"column":71}}]},"4":{"loc":{"start":{"line":77,"column":6},"end":{"line":77,"column":41}},"type":"binary-expr","locations":[{"start":{"line":77,"column":6},"end":{"line":77,"column":18}},{"start":{"line":77,"column":22},"end":{"line":77,"column":41}}]},"5":{"loc":{"start":{"line":79,"column":2},"end":{"line":80,"column":77}},"type":"if","locations":[{"start":{"line":79,"column":2},"end":{"line":80,"column":77}}]},"6":{"loc":{"start":{"line":79,"column":6},"end":{"line":79,"column":45}},"type":"binary-expr","locations":[{"start":{"line":79,"column":6},"end":{"line":79,"column":20}},{"start":{"line":79,"column":24},"end":{"line":79,"column":45}}]},"7":{"loc":{"start":{"line":81,"column":2},"end":{"line":81,"column":100}},"type":"if","locations":[{"start":{"line":81,"column":2},"end":{"line":81,"column":100}}]},"8":{"loc":{"start":{"line":81,"column":6},"end":{"line":81,"column":37}},"type":"binary-expr","locations":[{"start":{"line":81,"column":6},"end":{"line":81,"column":16}},{"start":{"line":81,"column":20},"end":{"line":81,"column":37}}]},"9":{"loc":{"start":{"line":82,"column":2},"end":{"line":83,"column":74}},"type":"if","locations":[{"start":{"line":82,"column":2},"end":{"line":83,"column":74}}]},"10":{"loc":{"start":{"line":82,"column":6},"end":{"line":82,"column":43}},"type":"binary-expr","locations":[{"start":{"line":82,"column":6},"end":{"line":82,"column":19}},{"start":{"line":82,"column":23},"end":{"line":82,"column":43}}]},"11":{"loc":{"start":{"line":84,"column":2},"end":{"line":84,"column":95}},"type":"if","locations":[{"start":{"line":84,"column":2},"end":{"line":84,"column":95}}]},"12":{"loc":{"start":{"line":84,"column":6},"end":{"line":84,"column":35}},"type":"binary-expr","locations":[{"start":{"line":84,"column":6},"end":{"line":84,"column":15}},{"start":{"line":84,"column":19},"end":{"line":84,"column":35}}]}},"s":{"0":0,"1":0,"2":0,"3":0,"4":0,"5":0,"6":0,"7":0,"8":0,"9":0,"10":0,"11":0,"12":0,"13":0,"14":0,"15":0,"16":0,"17":0,"18":0,"19":0,"20":0,"21":0,"22":0,"23":0,"24":0,"25":0,"26":0,"27":0,"28":0,"29":0,"30":0,"31":0,"32":0,"33":0,"34":0,"35":0,"36":0,"37":0,"38":0,"39":0,"40":0},"f":{"0":0,"1":0,"2":0,"3":0,"4":0,"5":0,"6":0,"7":0,"8":0,"9":0},"b":{"0":[0],"1":[0,0],"2":[0],"3":[0],"4":[0,0],"5":[0],"6":[0,0],"7":[0],"8":[0,0],"9":[0],"10":[0,0],"11":[0],"12":[0,0]}}
,"C:\\dev\\Roza\\backend\\src\\models\\books\\schemas\\chapterScehma.ts": {"path":"C:\\dev\\Roza\\backend\\src\\models\\books\\schemas\\chapterScehma.ts","statementMap":{"0":{"start":{"line":1,"column":0},"end":{"line":1,"column":34}},"1":{"start":{"line":3,"column":0},"end":{"line":3,"column":76}},"2":{"start":{"line":4,"column":0},"end":{"line":4,"column":76}},"3":{"start":{"line":6,"column":22},"end":{"line":47,"column":null}},"4":{"start":{"line":50,"column":9},"end":{"line":50,"column":22}}},"fnMap":{},"branchMap":{},"s":{"0":0,"1":0,"2":0,"3":0,"4":0},"f":{},"b":{}}
,"C:\\dev\\Roza\\backend\\src\\models\\books\\schemas\\characterSchema.ts": {"path":"C:\\dev\\Roza\\backend\\src\\models\\books\\schemas\\characterSchema.ts","statementMap":{"0":{"start":{"line":1,"column":0},"end":{"line":1,"column":34}},"1":{"start":{"line":3,"column":0},"end":{"line":3,"column":76}},"2":{"start":{"line":4,"column":0},"end":{"line":4,"column":76}},"3":{"start":{"line":6,"column":24},"end":{"line":43,"column":null}},"4":{"start":{"line":46,"column":9},"end":{"line":46,"column":24}}},"fnMap":{},"branchMap":{},"s":{"0":0,"1":0,"2":0,"3":0,"4":0},"f":{},"b":{}}
,"C:\\dev\\Roza\\backend\\src\\models\\books\\schemas\\noteSchema.ts": {"path":"C:\\dev\\Roza\\backend\\src\\models\\books\\schemas\\noteSchema.ts","statementMap":{"0":{"start":{"line":1,"column":0},"end":{"line":1,"column":34}},"1":{"start":{"line":3,"column":0},"end":{"line":3,"column":76}},"2":{"start":{"line":4,"column":0},"end":{"line":4,"column":76}},"3":{"start":{"line":6,"column":19},"end":{"line":38,"column":null}},"4":{"start":{"line":41,"column":9},"end":{"line":41,"column":19}}},"fnMap":{},"branchMap":{},"s":{"0":0,"1":0,"2":0,"3":0,"4":0},"f":{},"b":{}}
,"C:\\dev\\Roza\\backend\\src\\models\\books\\schemas\\plotlineScheme.ts": {"path":"C:\\dev\\Roza\\backend\\src\\models\\books\\schemas\\plotlineScheme.ts","statementMap":{"0":{"start":{"line":1,"column":0},"end":{"line":1,"column":34}},"1":{"start":{"line":4,"column":0},"end":{"line":4,"column":76}},"2":{"start":{"line":5,"column":0},"end":{"line":5,"column":76}},"3":{"start":{"line":7,"column":23},"end":{"line":44,"column":null}},"4":{"start":{"line":47,"column":9},"end":{"line":47,"column":23}}},"fnMap":{},"branchMap":{},"s":{"0":0,"1":0,"2":0,"3":0,"4":0},"f":{},"b":{}}
,"C:\\dev\\Roza\\backend\\src\\models\\books\\schemas\\themeSchema.ts": {"path":"C:\\dev\\Roza\\backend\\src\\models\\books\\schemas\\themeSchema.ts","statementMap":{"0":{"start":{"line":1,"column":0},"end":{"line":1,"column":34}},"1":{"start":{"line":3,"column":0},"end":{"line":3,"column":76}},"2":{"start":{"line":4,"column":0},"end":{"line":4,"column":76}},"3":{"start":{"line":6,"column":20},"end":{"line":43,"column":null}},"4":{"start":{"line":46,"column":9},"end":{"line":46,"column":20}}},"fnMap":{},"branchMap":{},"s":{"0":0,"1":0,"2":0,"3":0,"4":0},"f":{},"b":{}}
,"C:\\dev\\Roza\\backend\\src\\models\\review\\reviewModel.ts": {"path":"C:\\dev\\Roza\\backend\\src\\models\\review\\reviewModel.ts","statementMap":{"0":{"start":{"line":1,"column":0},"end":{"line":1,"column":33}},"1":{"start":{"line":2,"column":0},"end":{"line":2,"column":62}},"2":{"start":{"line":5,"column":24},"end":{"line":5,"column":90}},"3":{"start":{"line":7,"column":9},"end":{"line":7,"column":24}}},"fnMap":{},"branchMap":{},"s":{"0":0,"1":0,"2":0,"3":0},"f":{},"b":{}}
,"C:\\dev\\Roza\\backend\\src\\models\\review\\schemas\\bookReviewSchema.ts": {"path":"C:\\dev\\Roza\\backend\\src\\models\\review\\schemas\\bookReviewSchema.ts","statementMap":{"0":{"start":{"line":1,"column":0},"end":{"line":1,"column":51}},"1":{"start":{"line":3,"column":0},"end":{"line":3,"column":52}},"2":{"start":{"line":4,"column":0},"end":{"line":4,"column":46}},"3":{"start":{"line":5,"column":0},"end":{"line":5,"column":76}},"4":{"start":{"line":6,"column":0},"end":{"line":6,"column":76}},"5":{"start":{"line":8,"column":25},"end":{"line":49,"column":null}},"6":{"start":{"line":37,"column":8},"end":{"line":37,"column":23}},"7":{"start":{"line":38,"column":8},"end":{"line":38,"column":19}},"8":{"start":{"line":44,"column":8},"end":{"line":44,"column":23}},"9":{"start":{"line":45,"column":8},"end":{"line":45,"column":19}},"10":{"start":{"line":91,"column":9},"end":{"line":91,"column":25}},"11":{"start":{"line":52,"column":0},"end":{"line":66,"column":3}},"12":{"start":{"line":53,"column":17},"end":{"line":53,"column":35}},"13":{"start":{"line":54,"column":25},"end":{"line":62,"column":11}},"14":{"start":{"line":63,"column":2},"end":{"line":63,"column":83}},"15":{"start":{"line":63,"column":18},"end":{"line":63,"column":83}},"16":{"start":{"line":65,"column":2},"end":{"line":65,"column":9}},"17":{"start":{"line":68,"column":0},"end":{"line":72,"column":3}},"18":{"start":{"line":69,"column":2},"end":{"line":69,"column":43}},"19":{"start":{"line":71,"column":2},"end":{"line":71,"column":9}},"20":{"start":{"line":74,"column":0},"end":{"line":79,"column":3}},"21":{"start":{"line":75,"column":2},"end":{"line":75,"column":27}},"22":{"start":{"line":75,"column":13},"end":{"line":75,"column":27}},"23":{"start":{"line":76,"column":2},"end":{"line":77,"column":33}},"24":{"start":{"line":76,"column":27},"end":{"line":76,"column":76}},"25":{"start":{"line":76,"column":51},"end":{"line":76,"column":76}},"26":{"start":{"line":77,"column":7},"end":{"line":77,"column":33}},"27":{"start":{"line":78,"column":2},"end":{"line":78,"column":9}},"28":{"start":{"line":82,"column":2},"end":{"line":82,"column":19}},"29":{"start":{"line":82,"column":12},"end":{"line":82,"column":19}},"30":{"start":{"line":83,"column":2},"end":{"line":84,"column":68}},"31":{"start":{"line":84,"column":4},"end":{"line":84,"column":68}},"32":{"start":{"line":84,"column":53},"end":{"line":84,"column":66}},"33":{"start":{"line":85,"column":2},"end":{"line":86,"column":77}},"34":{"start":{"line":86,"column":4},"end":{"line":86,"column":77}},"35":{"start":{"line":86,"column":62},"end":{"line":86,"column":75}},"36":{"start":{"line":89,"column":0},"end":{"line":89,"column":92}}},"fnMap":{"0":{"name":"(anonymous_7)","decl":{"start":{"line":36,"column":17},"end":{"line":36,"column":18}},"loc":{"start":{"line":36,"column":63},"end":{"line":39,"column":7}}},"1":{"name":"(anonymous_8)","decl":{"start":{"line":43,"column":17},"end":{"line":43,"column":18}},"loc":{"start":{"line":43,"column":63},"end":{"line":46,"column":7}}},"2":{"name":"(anonymous_9)","decl":{"start":{"line":52,"column":29},"end":{"line":52,"column":45}},"loc":{"start":{"line":52,"column":49},"end":{"line":66,"column":2}}},"3":{"name":"(anonymous_11)","decl":{"start":{"line":68,"column":30},"end":{"line":68,"column":79}},"loc":{"start":{"line":68,"column":83},"end":{"line":72,"column":2}}},"4":{"name":"(anonymous_13)","decl":{"start":{"line":74,"column":31},"end":{"line":74,"column":47}},"loc":{"start":{"line":74,"column":57},"end":{"line":79,"column":2}}},"5":{"name":"filterArchivedItems","decl":{"start":{"line":81,"column":9},"end":{"line":81,"column":28}},"loc":{"start":{"line":81,"column":45},"end":{"line":87,"column":1}}},"6":{"name":"(anonymous_16)","decl":{"start":{"line":84,"column":37},"end":{"line":84,"column":38}},"loc":{"start":{"line":84,"column":53},"end":{"line":84,"column":66}}},"7":{"name":"(anonymous_17)","decl":{"start":{"line":86,"column":43},"end":{"line":86,"column":44}},"loc":{"start":{"line":86,"column":62},"end":{"line":86,"column":75}}}},"branchMap":{"0":{"loc":{"start":{"line":63,"column":2},"end":{"line":63,"column":83}},"type":"if","locations":[{"start":{"line":63,"column":2},"end":{"line":63,"column":83}}]},"1":{"loc":{"start":{"line":63,"column":35},"end":{"line":63,"column":82}},"type":"cond-expr","locations":[{"start":{"line":63,"column":51},"end":{"line":63,"column":78}},{"start":{"line":63,"column":81},"end":{"line":63,"column":82}}]},"2":{"loc":{"start":{"line":75,"column":2},"end":{"line":75,"column":27}},"type":"if","locations":[{"start":{"line":75,"column":2},"end":{"line":75,"column":27}}]},"3":{"loc":{"start":{"line":76,"column":2},"end":{"line":77,"column":33}},"type":"if","locations":[{"start":{"line":76,"column":2},"end":{"line":77,"column":33}},{"start":{"line":77,"column":7},"end":{"line":77,"column":33}}]},"4":{"loc":{"start":{"line":82,"column":2},"end":{"line":82,"column":19}},"type":"if","locations":[{"start":{"line":82,"column":2},"end":{"line":82,"column":19}}]},"5":{"loc":{"start":{"line":83,"column":2},"end":{"line":84,"column":68}},"type":"if","locations":[{"start":{"line":83,"column":2},"end":{"line":84,"column":68}}]},"6":{"loc":{"start":{"line":83,"column":6},"end":{"line":83,"column":39}},"type":"binary-expr","locations":[{"start":{"line":83,"column":6},"end":{"line":83,"column":17}},{"start":{"line":83,"column":21},"end":{"line":83,"column":39}}]},"7":{"loc":{"start":{"line":85,"column":2},"end":{"line":86,"column":77}},"type":"if","locations":[{"start":{"line":85,"column":2},"end":{"line":86,"column":77}}]},"8":{"loc":{"start":{"line":85,"column":6},"end":{"line":85,"column":45}},"type":"binary-expr","locations":[{"start":{"line":85,"column":6},"end":{"line":85,"column":20}},{"start":{"line":85,"column":24},"end":{"line":85,"column":45}}]}},"s":{"0":0,"1":0,"2":0,"3":0,"4":0,"5":0,"6":0,"7":0,"8":0,"9":0,"10":0,"11":0,"12":0,"13":0,"14":0,"15":0,"16":0,"17":0,"18":0,"19":0,"20":0,"21":0,"22":0,"23":0,"24":0,"25":0,"26":0,"27":0,"28":0,"29":0,"30":0,"31":0,"32":0,"33":0,"34":0,"35":0,"36":0},"f":{"0":0,"1":0,"2":0,"3":0,"4":0,"5":0,"6":0,"7":0},"b":{"0":[0],"1":[0,0],"2":[0],"3":[0,0],"4":[0],"5":[0],"6":[0,0],"7":[0],"8":[0,0]}}
,"C:\\dev\\Roza\\backend\\src\\models\\review\\schemas\\referenceSchema.ts": {"path":"C:\\dev\\Roza\\backend\\src\\models\\review\\schemas\\referenceSchema.ts","statementMap":{"0":{"start":{"line":1,"column":0},"end":{"line":1,"column":34}},"1":{"start":{"line":3,"column":0},"end":{"line":3,"column":76}},"2":{"start":{"line":4,"column":0},"end":{"line":4,"column":76}},"3":{"start":{"line":6,"column":24},"end":{"line":36,"column":null}},"4":{"start":{"line":39,"column":9},"end":{"line":39,"column":24}}},"fnMap":{},"branchMap":{},"s":{"0":0,"1":0,"2":0,"3":0,"4":0},"f":{},"b":{}}
,"C:\\dev\\Roza\\backend\\src\\models\\review\\schemas\\reviewSchema.ts": {"path":"C:\\dev\\Roza\\backend\\src\\models\\review\\schemas\\reviewSchema.ts","statementMap":{"0":{"start":{"line":1,"column":0},"end":{"line":1,"column":34}},"1":{"start":{"line":3,"column":0},"end":{"line":3,"column":76}},"2":{"start":{"line":4,"column":0},"end":{"line":4,"column":76}},"3":{"start":{"line":6,"column":21},"end":{"line":25,"column":null}},"4":{"start":{"line":28,"column":9},"end":{"line":28,"column":21}}},"fnMap":{},"branchMap":{},"s":{"0":0,"1":0,"2":0,"3":0,"4":0},"f":{},"b":{}}
,"C:\\dev\\Roza\\backend\\src\\models\\schemas\\slateElementSchema.ts": {"path":"C:\\dev\\Roza\\backend\\src\\models\\schemas\\slateElementSchema.ts","statementMap":{"0":{"start":{"line":1,"column":0},"end":{"line":1,"column":34}},"1":{"start":{"line":4,"column":30},"end":{"line":21,"column":2}},"2":{"start":{"line":39,"column":9},"end":{"line":39,"column":30}},"3":{"start":{"line":23,"column":33},"end":{"line":37,"column":2}},"4":{"start":{"line":39,"column":32},"end":{"line":39,"column":56}}},"fnMap":{},"branchMap":{},"s":{"0":0,"1":0,"2":0,"3":0,"4":0},"f":{},"b":{}}
,"C:\\dev\\Roza\\backend\\src\\models\\user\\userModel.ts": {"path":"C:\\dev\\Roza\\backend\\src\\models\\user\\userModel.ts","statementMap":{"0":{"start":{"line":1,"column":0},"end":{"line":1,"column":58}},"1":{"start":{"line":2,"column":0},"end":{"line":2,"column":30}},"2":{"start":{"line":3,"column":0},"end":{"line":3,"column":28}},"3":{"start":{"line":7,"column":34},"end":{"line":78,"column":null}},"4":{"start":{"line":16,"column":10},"end":{"line":16,"column":49}},"5":{"start":{"line":26,"column":10},"end":{"line":26,"column":49}},"6":{"start":{"line":36,"column":10},"end":{"line":36,"column":37}},"7":{"start":{"line":48,"column":10},"end":{"line":48,"column":40}},"8":{"start":{"line":66,"column":8},"end":{"line":66,"column":34}},"9":{"start":{"line":67,"column":8},"end":{"line":67,"column":19}},"10":{"start":{"line":73,"column":8},"end":{"line":73,"column":34}},"11":{"start":{"line":74,"column":8},"end":{"line":74,"column":19}},"12":{"start":{"line":132,"column":9},"end":{"line":132,"column":19}},"13":{"start":{"line":81,"column":0},"end":{"line":81,"column":52}},"14":{"start":{"line":82,"column":0},"end":{"line":82,"column":49}},"15":{"start":{"line":84,"column":0},"end":{"line":89,"column":3}},"16":{"start":{"line":85,"column":18},"end":{"line":85,"column":35}},"17":{"start":{"line":86,"column":2},"end":{"line":86,"column":46}},"18":{"start":{"line":86,"column":32},"end":{"line":86,"column":46}},"19":{"start":{"line":87,"column":2},"end":{"line":87,"column":40}},"20":{"start":{"line":88,"column":2},"end":{"line":88,"column":9}},"21":{"start":{"line":91,"column":0},"end":{"line":98,"column":3}},"22":{"start":{"line":93,"column":29},"end":{"line":93,"column":56}},"23":{"start":{"line":94,"column":2},"end":{"line":94,"column":41}},"24":{"start":{"line":94,"column":27},"end":{"line":94,"column":41}},"25":{"start":{"line":95,"column":2},"end":{"line":95,"column":55}},"26":{"start":{"line":96,"column":2},"end":{"line":96,"column":28}},"27":{"start":{"line":97,"column":2},"end":{"line":97,"column":9}},"28":{"start":{"line":100,"column":0},"end":{"line":105,"column":2}},"29":{"start":{"line":104,"column":2},"end":{"line":104,"column":63}},"30":{"start":{"line":107,"column":0},"end":{"line":111,"column":2}},"31":{"start":{"line":108,"column":2},"end":{"line":108,"column":44}},"32":{"start":{"line":108,"column":31},"end":{"line":108,"column":44}},"33":{"start":{"line":109,"column":27},"end":{"line":109,"column":78}},"34":{"start":{"line":110,"column":2},"end":{"line":110,"column":41}},"35":{"start":{"line":113,"column":0},"end":{"line":119,"column":2}},"36":{"start":{"line":114,"column":21},"end":{"line":114,"column":59}},"37":{"start":{"line":115,"column":2},"end":{"line":115,"column":89}},"38":{"start":{"line":116,"column":22},"end":{"line":116,"column":36}},"39":{"start":{"line":117,"column":2},"end":{"line":117,"column":55}},"40":{"start":{"line":118,"column":2},"end":{"line":118,"column":20}},"41":{"start":{"line":122,"column":2},"end":{"line":122,"column":17}},"42":{"start":{"line":123,"column":2},"end":{"line":123,"column":22}},"43":{"start":{"line":124,"column":2},"end":{"line":124,"column":29}},"44":{"start":{"line":125,"column":2},"end":{"line":125,"column":20}},"45":{"start":{"line":126,"column":2},"end":{"line":126,"column":27}},"46":{"start":{"line":127,"column":2},"end":{"line":127,"column":25}},"47":{"start":{"line":130,"column":18},"end":{"line":130,"column":50}},"48":{"start":{"line":132,"column":21},"end":{"line":132,"column":30}}},"fnMap":{"0":{"name":"(anonymous_8)","decl":{"start":{"line":15,"column":19},"end":{"line":15,"column":29}},"loc":{"start":{"line":15,"column":38},"end":{"line":17,"column":9}}},"1":{"name":"(anonymous_9)","decl":{"start":{"line":25,"column":19},"end":{"line":25,"column":29}},"loc":{"start":{"line":25,"column":38},"end":{"line":27,"column":9}}},"2":{"name":"(anonymous_10)","decl":{"start":{"line":35,"column":19},"end":{"line":35,"column":42}},"loc":{"start":{"line":35,"column":51},"end":{"line":37,"column":9}}},"3":{"name":"(anonymous_11)","decl":{"start":{"line":47,"column":19},"end":{"line":47,"column":29}},"loc":{"start":{"line":47,"column":38},"end":{"line":49,"column":9}}},"4":{"name":"(anonymous_12)","decl":{"start":{"line":65,"column":17},"end":{"line":65,"column":18}},"loc":{"start":{"line":65,"column":63},"end":{"line":68,"column":7}}},"5":{"name":"(anonymous_13)","decl":{"start":{"line":72,"column":17},"end":{"line":72,"column":18}},"loc":{"start":{"line":72,"column":63},"end":{"line":75,"column":7}}},"6":{"name":"(anonymous_14)","decl":{"start":{"line":84,"column":24},"end":{"line":84,"column":72}},"loc":{"start":{"line":84,"column":76},"end":{"line":89,"column":1}}},"7":{"name":"(anonymous_15)","decl":{"start":{"line":91,"column":23},"end":{"line":91,"column":39}},"loc":{"start":{"line":91,"column":43},"end":{"line":98,"column":2}}},"8":{"name":"(anonymous_17)","decl":{"start":{"line":100,"column":35},"end":{"line":100,"column":null}},"loc":{"start":{"line":102,"column":22},"end":{"line":105,"column":2}}},"9":{"name":"(anonymous_19)","decl":{"start":{"line":107,"column":42},"end":{"line":107,"column":52}},"loc":{"start":{"line":107,"column":72},"end":{"line":111,"column":1}}},"10":{"name":"(anonymous_20)","decl":{"start":{"line":113,"column":46},"end":{"line":113,"column":null}},"loc":{"start":{"line":113,"column":46},"end":{"line":119,"column":1}}},"11":{"name":"_removePrivateFields","decl":{"start":{"line":121,"column":9},"end":{"line":121,"column":29}},"loc":{"start":{"line":121,"column":58},"end":{"line":128,"column":1}}}},"branchMap":{"0":{"loc":{"start":{"line":16,"column":17},"end":{"line":16,"column":48}},"type":"binary-expr","locations":[{"start":{"line":16,"column":17},"end":{"line":16,"column":30}},{"start":{"line":16,"column":34},"end":{"line":16,"column":48}}]},"1":{"loc":{"start":{"line":26,"column":17},"end":{"line":26,"column":48}},"type":"binary-expr","locations":[{"start":{"line":26,"column":17},"end":{"line":26,"column":30}},{"start":{"line":26,"column":34},"end":{"line":26,"column":48}}]},"2":{"loc":{"start":{"line":86,"column":2},"end":{"line":86,"column":46}},"type":"if","locations":[{"start":{"line":86,"column":2},"end":{"line":86,"column":46}}]},"3":{"loc":{"start":{"line":94,"column":2},"end":{"line":94,"column":41}},"type":"if","locations":[{"start":{"line":94,"column":2},"end":{"line":94,"column":41}}]},"4":{"loc":{"start":{"line":108,"column":2},"end":{"line":108,"column":44}},"type":"if","locations":[{"start":{"line":108,"column":2},"end":{"line":108,"column":44}}]}},"s":{"0":3,"1":3,"2":3,"3":3,"4":0,"5":0,"6":0,"7":0,"8":0,"9":0,"10":0,"11":0,"12":3,"13":3,"14":3,"15":3,"16":0,"17":0,"18":0,"19":0,"20":0,"21":3,"22":0,"23":0,"24":0,"25":0,"26":0,"27":0,"28":3,"29":0,"30":3,"31":0,"32":0,"33":0,"34":0,"35":3,"36":0,"37":0,"38":0,"39":0,"40":0,"41":0,"42":0,"43":0,"44":0,"45":0,"46":0,"47":3,"48":3},"f":{"0":0,"1":0,"2":0,"3":0,"4":0,"5":0,"6":0,"7":0,"8":0,"9":0,"10":0,"11":0},"b":{"0":[0,0],"1":[0,0],"2":[0],"3":[0],"4":[0]}}
,"C:\\dev\\Roza\\backend\\src\\routers\\auth\\authRouter.ts": {"path":"C:\\dev\\Roza\\backend\\src\\routers\\auth\\authRouter.ts","statementMap":{"0":{"start":{"line":1,"column":0},"end":{"line":1,"column":30}},"1":{"start":{"line":2,"column":0},"end":{"line":2,"column":null}},"2":{"start":{"line":11,"column":0},"end":{"line":11,"column":92}},"3":{"start":{"line":12,"column":0},"end":{"line":12,"column":71}},"4":{"start":{"line":14,"column":15},"end":{"line":14,"column":31}},"5":{"start":{"line":16,"column":0},"end":{"line":16,"column":48}},"6":{"start":{"line":18,"column":0},"end":{"line":18,"column":31}},"7":{"start":{"line":19,"column":0},"end":{"line":19,"column":29}},"8":{"start":{"line":20,"column":0},"end":{"line":20,"column":31}},"9":{"start":{"line":21,"column":0},"end":{"line":21,"column":31}},"10":{"start":{"line":22,"column":0},"end":{"line":22,"column":73}},"11":{"start":{"line":23,"column":0},"end":{"line":23,"column":55}},"12":{"start":{"line":24,"column":0},"end":{"line":24,"column":53}},"13":{"start":{"line":26,"column":0},"end":{"line":26,"column":22}}},"fnMap":{},"branchMap":{},"s":{"0":0,"1":0,"2":0,"3":0,"4":0,"5":0,"6":0,"7":0,"8":0,"9":0,"10":0,"11":0,"12":0,"13":0},"f":{},"b":{}}
,"C:\\dev\\Roza\\backend\\src\\routers\\book\\bookRouter.ts": {"path":"C:\\dev\\Roza\\backend\\src\\routers\\book\\bookRouter.ts","statementMap":{"0":{"start":{"line":1,"column":0},"end":{"line":1,"column":30}},"1":{"start":{"line":2,"column":0},"end":{"line":2,"column":99}},"2":{"start":{"line":4,"column":15},"end":{"line":4,"column":31}},"3":{"start":{"line":6,"column":0},"end":{"line":6,"column":26}},"4":{"start":{"line":7,"column":0},"end":{"line":7,"column":49}},"5":{"start":{"line":8,"column":0},"end":{"line":8,"column":26}},"6":{"start":{"line":9,"column":0},"end":{"line":9,"column":33}},"7":{"start":{"line":11,"column":0},"end":{"line":11,"column":22}}},"fnMap":{},"branchMap":{},"s":{"0":0,"1":0,"2":0,"3":0,"4":0,"5":0,"6":0,"7":0},"f":{},"b":{}}
,"C:\\dev\\Roza\\backend\\src\\routers\\review\\reviewRouter.ts": {"path":"C:\\dev\\Roza\\backend\\src\\routers\\review\\reviewRouter.ts","statementMap":{"0":{"start":{"line":1,"column":0},"end":{"line":1,"column":30}},"1":{"start":{"line":2,"column":0},"end":{"line":2,"column":null}},"2":{"start":{"line":8,"column":0},"end":{"line":8,"column":92}},"3":{"start":{"line":10,"column":15},"end":{"line":10,"column":31}},"4":{"start":{"line":11,"column":0},"end":{"line":11,"column":36}},"5":{"start":{"line":12,"column":0},"end":{"line":12,"column":32}},"6":{"start":{"line":13,"column":0},"end":{"line":13,"column":55}},"7":{"start":{"line":14,"column":0},"end":{"line":14,"column":32}},"8":{"start":{"line":15,"column":0},"end":{"line":15,"column":39}},"9":{"start":{"line":17,"column":0},"end":{"line":17,"column":22}}},"fnMap":{},"branchMap":{},"s":{"0":0,"1":0,"2":0,"3":0,"4":0,"5":0,"6":0,"7":0,"8":0,"9":0},"f":{},"b":{}}
,"C:\\dev\\Roza\\backend\\src\\routers\\user\\userRouter.ts": {"path":"C:\\dev\\Roza\\backend\\src\\routers\\user\\userRouter.ts","statementMap":{"0":{"start":{"line":1,"column":0},"end":{"line":1,"column":30}},"1":{"start":{"line":2,"column":0},"end":{"line":2,"column":null}},"2":{"start":{"line":12,"column":0},"end":{"line":12,"column":null}},"3":{"start":{"line":17,"column":15},"end":{"line":17,"column":31}},"4":{"start":{"line":19,"column":0},"end":{"line":19,"column":36}},"5":{"start":{"line":20,"column":0},"end":{"line":20,"column":26}},"6":{"start":{"line":21,"column":0},"end":{"line":21,"column":49}},"7":{"start":{"line":22,"column":0},"end":{"line":22,"column":53}},"8":{"start":{"line":23,"column":0},"end":{"line":23,"column":50}},"9":{"start":{"line":24,"column":0},"end":{"line":24,"column":51}},"10":{"start":{"line":26,"column":0},"end":{"line":26,"column":36}},"11":{"start":{"line":27,"column":0},"end":{"line":27,"column":26}},"12":{"start":{"line":28,"column":0},"end":{"line":28,"column":33}},"13":{"start":{"line":29,"column":0},"end":{"line":29,"column":34}},"14":{"start":{"line":31,"column":0},"end":{"line":31,"column":22}}},"fnMap":{},"branchMap":{},"s":{"0":0,"1":0,"2":0,"3":0,"4":0,"5":0,"6":0,"7":0,"8":0,"9":0,"10":0,"11":0,"12":0,"13":0,"14":0},"f":{},"b":{}}
,"C:\\dev\\Roza\\backend\\src\\services\\ALSService.ts": {"path":"C:\\dev\\Roza\\backend\\src\\services\\ALSService.ts","statementMap":{"0":{"start":{"line":9,"column":28},"end":{"line":9,"column":52}},"1":{"start":{"line":1,"column":0},"end":{"line":1,"column":48}},"2":{"start":{"line":3,"column":26},"end":{"line":3,"column":49}},"3":{"start":{"line":9,"column":9},"end":{"line":9,"column":26}},"4":{"start":{"line":6,"column":2},"end":{"line":6,"column":77}}},"fnMap":{"0":{"name":"getLoggedInUserIdFromReq","decl":{"start":{"line":5,"column":9},"end":{"line":5,"column":33}},"loc":{"start":{"line":5,"column":33},"end":{"line":7,"column":1}}}},"branchMap":{"0":{"loc":{"start":{"line":6,"column":9},"end":{"line":6,"column":76}},"type":"cond-expr","locations":[{"start":{"line":6,"column":70},"end":{"line":6,"column":74}},{"start":{"line":6,"column":74},"end":{"line":6,"column":76}}]},"1":{"loc":{"start":{"line":6,"column":9},"end":{"line":6,"column":74}},"type":"binary-expr","locations":[{"start":{"line":6,"column":9},"end":{"line":6,"column":74}},{"start":{"line":6,"column":70},"end":{"line":6,"column":74}}]},"2":{"loc":{"start":{"line":6,"column":9},"end":{"line":6,"column":70}},"type":"cond-expr","locations":[{"start":{"line":6,"column":54},"end":{"line":6,"column":56}},{"start":{"line":6,"column":54},"end":{"line":6,"column":70}}]},"3":{"loc":{"start":{"line":6,"column":9},"end":{"line":6,"column":56}},"type":"binary-expr","locations":[{"start":{"line":6,"column":9},"end":{"line":6,"column":56}},{"start":{"line":6,"column":54},"end":{"line":6,"column":56}}]}},"s":{"0":6,"1":6,"2":6,"3":6,"4":8},"f":{"0":8},"b":{"0":[0,8],"1":[8,8],"2":[8,0],"3":[8,8]}}
[...]
nd":{"line":9,"column":79}},"5":{"start":{"line":11,"column":27},"end":{"line":11,"column":93}},"6":{"start":{"line":12,"column":16},"end":{"line":12,"column":55}},"7":{"start":{"line":13,"column":2},"end":{"line":13,"column":15}},"8":{"start":{"line":17,"column":2},"end":{"line":17,"column":97}},"9":{"start":{"line":17,"column":36},"end":{"line":17,"column":97}},"10":{"start":{"line":18,"column":2},"end":{"line":19,"column":69}},"11":{"start":{"line":19,"column":4},"end":{"line":19,"column":69}},"12":{"start":{"line":21,"column":16},"end":{"line":23,"column":4}},"13":{"start":{"line":25,"column":2},"end":{"line":25,"column":59}},"14":{"start":{"line":25,"column":14},"end":{"line":25,"column":59}},"15":{"start":{"line":26,"column":2},"end":{"line":26,"column":15}},"16":{"start":{"line":30,"column":2},"end":{"line":42,"column":3}},"17":{"start":{"line":31,"column":4},"end":{"line":31,"column":99}},"18":{"start":{"line":31,"column":38},"end":{"line":31,"column":99}},"19":{"start":{"line":33,"column":20},"end":{"line":33,"column":null}},"20":{"start":{"line":38,"column":24},"end":{"line":38,"column":31}},"21":{"start":{"line":39,"column":4},"end":{"line":39,"column":34}},"22":{"start":{"line":41,"column":4},"end":{"line":41,"column":16}},"23":{"start":{"line":45,"column":0},"end":{"line":45,"column":63}}},"fnMap":{"0":{"name":"getTokenFromRequest","decl":{"start":{"line":6,"column":9},"end":{"line":6,"column":28}},"loc":{"start":{"line":6,"column":41},"end":{"line":14,"column":1}}},"1":{"name":"signToken","decl":{"start":{"line":16,"column":9},"end":{"line":16,"column":18}},"loc":{"start":{"line":16,"column":29},"end":{"line":27,"column":1}}},"2":{"name":"verifyToken","decl":{"start":{"line":29,"column":15},"end":{"line":29,"column":26}},"loc":{"start":{"line":29,"column":40},"end":{"line":43,"column":null}}}},"branchMap":{"0":{"loc":{"start":{"line":9,"column":4},"end":{"line":9,"column":79}},"type":"binary-expr","locations":[{"start":{"line":9,"column":4},"end":{"line":9,"column":29}},{"start":{"line":9,"column":33},"end":{"line":9,"column":79}}]},"1":{"loc":{"start":{"line":11,"column":27},"end":{"line":11,"column":93}},"type":"cond-expr","locations":[{"start":{"line":11,"column":46},"end":{"line":11,"column":86}},{"start":{"line":11,"column":89},"end":{"line":11,"column":93}}]},"2":{"loc":{"start":{"line":12,"column":16},"end":{"line":12,"column":55}},"type":"binary-expr","locations":[{"start":{"line":12,"column":16},"end":{"line":12,"column":35}},{"start":{"line":12,"column":39},"end":{"line":12,"column":55}}]},"3":{"loc":{"start":{"line":12,"column":16},"end":{"line":12,"column":35}},"type":"cond-expr","locations":[{"start":{"line":12,"column":23},"end":{"line":12,"column":25}},{"start":{"line":12,"column":16},"end":{"line":12,"column":35}}]},"4":{"loc":{"start":{"line":12,"column":16},"end":{"line":12,"column":25}},"type":"binary-expr","locations":[{"start":{"line":12,"column":16},"end":{"line":12,"column":25}},{"start":{"line":12,"column":16},"end":{"line":12,"column":25}}]},"5":{"loc":{"start":{"line":17,"column":2},"end":{"line":17,"column":97}},"type":"if","locations":[{"start":{"line":17,"column":2},"end":{"line":17,"column":97}}]},"6":{"loc":{"start":{"line":18,"column":2},"end":{"line":19,"column":69}},"type":"if","locations":[{"start":{"line":18,"column":2},"end":{"line":19,"column":69}}]},"7":{"loc":{"start":{"line":25,"column":2},"end":{"line":25,"column":59}},"type":"if","locations":[{"start":{"line":25,"column":2},"end":{"line":25,"column":59}}]},"8":{"loc":{"start":{"line":31,"column":4},"end":{"line":31,"column":99}},"type":"if","locations":[{"start":{"line":31,"column":4},"end":{"line":31,"column":99}}]}},"s":{"0":2,"1":2,"2":2,"3":3,"4":3,"5":3,"6":3,"7":3,"8":3,"9":1,"10":2,"11":1,"12":1,"13":1,"14":0,"15":1,"16":3,"17":3,"18":1,"19":2,"20":1,"21":1,"22":2,"23":2},"f":{"0":3,"1":3,"2":3},"b":{"0":[3,1],"1":[1,2],"2":[3,2],"3":[0,3],"4":[3,3],"5":[1],"6":[1],"7":[0],"8":[1]}}
,"C:\\dev\\Roza\\backend\\src\\services\\user\\userService.ts": {"path":"C:\\dev\\Roza\\backend\\src\\services\\user\\userService.ts","statementMap":{"0":{"start":{"line":4,"column":0},"end":{"line":4,"column":56}},"1":{"start":{"line":5,"column":0},"end":{"line":5,"column":73}},"2":{"start":{"line":6,"column":0},"end":{"line":6,"column":61}},"3":{"start":{"line":7,"column":0},"end":{"line":7,"column":61}},"4":{"start":{"line":10,"column":19},"end":{"line":14,"column":15}},"5":{"start":{"line":15,"column":17},"end":{"line":15,"column":49}},"6":{"start":{"line":16,"column":2},"end":{"line":16,"column":15}},"7":{"start":{"line":20,"column":16},"end":{"line":22,"column":11}},"8":{"start":{"line":23,"column":2},"end":{"line":23,"column":15}},"9":{"start":{"line":27,"column":15},"end":{"line":27,"column":54}},"10":{"start":{"line":28,"column":2},"end":{"line":28,"column":73}},"11":{"start":{"line":28,"column":13},"end":{"line":28,"column":73}},"12":{"start":{"line":29,"column":2},"end":{"line":29,"column":14}},"13":{"start":{"line":33,"column":15},"end":{"line":33,"column":59}},"14":{"start":{"line":34,"column":2},"end":{"line":34,"column":81}},"15":{"start":{"line":34,"column":13},"end":{"line":34,"column":81}},"16":{"start":{"line":35,"column":2},"end":{"line":35,"column":14}},"17":{"start":{"line":39,"column":20},"end":{"line":39,"column":52}},"18":{"start":{"line":40,"column":2},"end":{"line":40,"column":19}},"19":{"start":{"line":44,"column":43},"end":{"line":44,"column":85}},"20":{"start":{"line":46,"column":23},"end":{"line":46,"column":56}},"21":{"start":{"line":48,"column":22},"end":{"line":51,"column":11}},"22":{"start":{"line":52,"column":2},"end":{"line":52,"column":62}},"23":{"start":{"line":52,"column":20},"end":{"line":52,"column":62}},"24":{"start":{"line":53,"column":2},"end":{"line":53,"column":40}},"25":{"start":{"line":57,"column":22},"end":{"line":57,"column":70}},"26":{"start":{"line":58,"column":2},"end":{"line":58,"column":40}},"27":{"start":{"line":62,"column":23},"end":{"line":64,"column":11}},"28":{"start":{"line":65,"column":2},"end":{"line":65,"column":62}},"29":{"start":{"line":65,"column":20},"end":{"line":65,"column":62}},"30":{"start":{"line":66,"column":2},"end":{"line":66,"column":62}},"31":{"start":{"line":68,"column":2},"end":{"line":68,"column":40}},"32":{"start":{"line":71,"column":0},"end":{"line":80,"column":2}}},"fnMap":{"0":{"name":"query","decl":{"start":{"line":9,"column":15},"end":{"line":9,"column":20}},"loc":{"start":{"line":9,"column":48},"end":{"line":17,"column":null}}},"1":{"name":"getUsers","decl":{"start":{"line":19,"column":15},"end":{"line":19,"column":23}},"loc":{"start":{"line":19,"column":44},"end":{"line":24,"column":null}}},"2":{"name":"getById","decl":{"start":{"line":26,"column":15},"end":{"line":26,"column":22}},"loc":{"start":{"line":26,"column":37},"end":{"line":30,"column":null}}},"3":{"name":"getByUsername","decl":{"start":{"line":32,"column":15},"end":{"line":32,"column":28}},"loc":{"start":{"line":32,"column":45},"end":{"line":36,"column":null}}},"4":{"name":"add","decl":{"start":{"line":38,"column":15},"end":{"line":38,"column":18}},"loc":{"start":{"line":38,"column":29},"end":{"line":41,"column":null}}},"5":{"name":"update","decl":{"start":{"line":43,"column":15},"end":{"line":43,"column":21}},"loc":{"start":{"line":43,"column":44},"end":{"line":54,"column":null}}},"6":{"name":"remove","decl":{"start":{"line":56,"column":15},"end":{"line":56,"column":21}},"loc":{"start":{"line":56,"column":36},"end":{"line":59,"column":null}}},"7":{"name":"removeAccount","decl":{"start":{"line":61,"column":15},"end":{"line":61,"column":28}},"loc":{"start":{"line":61,"column":43},"end":{"line":69,"column":null}}}},"branchMap":{"0":{"loc":{"start":{"line":28,"column":2},"end":{"line":28,"column":73}},"type":"if","locations":[{"start":{"line":28,"column":2},"end":{"line":28,"column":73}}]},"1":{"loc":{"start":{"line":34,"column":2},"end":{"line":34,"column":81}},"type":"if","locations":[{"start":{"line":34,"column":2},"end":{"line":34,"column":81}}]},"2":{"loc":{"start":{"line":52,"column":2},"end":{"line":52,"column":62}},"type":"if","locations":[{"start":{"line":52,"column":2},"end":{"line":52,"column":62}}]},"3":{"loc":{"start":{"line":65,"column":2},"end":{"line":65,"column":62}},"type":"if","locations":[{"start":{"line":65,"column":2},"end":{"line":65,"column":62}}]}},"s":{"0":2,"1":2,"2":2,"3":2,"4":1,"5":1,"6":1,"7":0,"8":0,"9":0,"10":0,"11":0,"12":0,"13":0,"14":0,"15":0,"16":0,"17":0,"18":0,"19":0,"20":0,"21":0,"22":0,"23":0,"24":0,"25":0,"26":0,"27":0,"28":0,"29":0,"30":0,"31":0,"32":2},"f":{"0":1,"1":0,"2":0,"3":0,"4":0,"5":0,"6":0,"7":0},"b":{"0":[0],"1":[0],"2":[0],"3":[0]}}
,"C:\\dev\\Roza\\backend\\src\\services\\util\\utilService.ts": {"path":"C:\\dev\\Roza\\backend\\src\\services\\util\\utilService.ts","statementMap":{"0":{"start":{"line":133,"column":2},"end":{"line":133,"column":23}},"1":{"start":{"line":134,"column":2},"end":{"line":134,"column":16}},"2":{"start":{"line":135,"column":2},"end":{"line":135,"column":13}},"3":{"start":{"line":136,"column":2},"end":{"line":136,"column":20}},"4":{"start":{"line":137,"column":2},"end":{"line":137,"column":14}},"5":{"start":{"line":138,"column":2},"end":{"line":138,"column":16}},"6":{"start":{"line":139,"column":2},"end":{"line":139,"column":24}},"7":{"start":{"line":1,"column":0},"end":{"line":1,"column":60}},"8":{"start":{"line":2,"column":0},"end":{"line":2,"column":27}},"9":{"start":{"line":3,"column":0},"end":{"line":3,"column":49}},"10":{"start":{"line":11,"column":18},"end":{"line":19,"column":1}},"11":{"start":{"line":12,"column":2},"end":{"line":12,"column":45}},"12":{"start":{"line":12,"column":34},"end":{"line":12,"column":45}},"13":{"start":{"line":13,"column":2},"end":{"line":18,"column":22}},"14":{"start":{"line":14,"column":4},"end":{"line":16,"column":5}},"15":{"start":{"line":15,"column":6},"end":{"line":15,"column":29}},"16":{"start":{"line":17,"column":4},"end":{"line":17,"column":18}},"17":{"start":{"line":132,"column":2},"end":{"line":132,"column":11}},"18":{"start":{"line":26,"column":4},"end":{"line":26,"column":23}},"19":{"start":{"line":27,"column":4},"end":{"line":27,"column":32}},"20":{"start":{"line":31,"column":18},"end":{"line":31,"column":57}},"21":{"start":{"line":32,"column":27},"end":{"line":32,"column":62}},"22":{"start":{"line":33,"column":4},"end":{"line":33,"column":54}},"23":{"start":{"line":33,"column":33},"end":{"line":33,"column":52}},"24":{"start":{"line":34,"column":21},"end":{"line":36,"column":null}},"25":{"start":{"line":36,"column":15},"end":{"line":36,"column":26}},"26":{"start":{"line":38,"column":4},"end":{"line":38,"column":55}},"27":{"start":{"line":40,"column":4},"end":{"line":40,"column":16}},"28":{"start":{"line":44,"column":4},"end":{"line":49,"column":5}},"29":{"start":{"line":45,"column":21},"end":{"line":45,"column":60}},"30":{"start":{"line":46,"column":6},"end":{"line":46,"column":43}},"31":{"start":{"line":48,"column":6},"end":{"line":48,"column":53}},"32":{"start":{"line":51,"column":4},"end":{"line":51,"column":16}},"33":{"start":{"line":55,"column":4},"end":{"line":60,"column":5}},"34":{"start":{"line":56,"column":21},"end":{"line":56,"column":62}},"35":{"start":{"line":57,"column":6},"end":{"line":57,"column":45}},"36":{"start":{"line":59,"column":6},"end":{"line":59,"column":45}},"37":{"start":{"line":62,"column":4},"end":{"line":62,"column":16}},"38":{"start":{"line":66,"column":17},"end":{"line":66,"column":56}},"39":{"start":{"line":67,"column":18},"end":{"line":67,"column":60}},"40":{"start":{"line":68,"column":17},"end":{"line":68,"column":35}},"41":{"start":{"line":70,"column":4},"end":{"line":70,"column":52}},"42":{"start":{"line":72,"column":4},"end":{"line":72,"column":16}},"43":{"start":{"line":76,"column":4},"end":{"line":76,"column":22}},"44":{"start":{"line":131,"column":2},"end":{"line":131,"column":13}},"45":{"start":{"line":84,"column":2},"end":{"line":84,"column":78}},"46":{"start":{"line":88,"column":2},"end":{"line":88,"column":45}},"47":{"start":{"line":96,"column":2},"end":{"line":100,"column":5}},"48":{"start":{"line":97,"column":23},"end":{"line":97,"column":64}},"49":{"start":{"line":98,"column":4},"end":{"line":98,"column":76}},"50":{"start":{"line":98,"column":13},"end":{"line":98,"column":76}},"51":{"start":{"line":99,"column":4},"end":{"line":99,"column":95}},"52":{"start":{"line":99,"column":29},"end":{"line":99,"column":95}},"53":{"start":{"line":104,"column":2},"end":{"line":104,"column":52}},"54":{"start":{"line":104,"column":35},"end":{"line":104,"column":48}},"55":{"start":{"line":108,"column":2},"end":{"line":111,"column":3}},"56":{"start":{"line":108,"column":15},"end":{"line":108,"column":31}},"57":{"start":{"line":109,"column":14},"end":{"line":109,"column":49}},"58":{"start":{"line":110,"column":4},"end":{"line":110,"column":48}},"59":{"start":{"line":112,"column":2},"end":{"line":112,"column":15}},"60":{"start":{"line":116,"column":14},"end":{"line":116,"column":24}},"61":{"start":{"line":117,"column":20},"end":{"line":117,"column":33}},"62":{"start":{"line":118,"column":22},"end":{"line":118,"column":53}},"63":{"start":{"line":119,"column":14},"end":{"line":119,"column":37}},"64":{"start":{"line":120,"column":23},"end":{"line":120,"column":37}},"65":{"start":{"line":121,"column":21},"end":{"line":121,"column":49}},"66":{"start":{"line":122,"column":2},"end":{"line":122,"column":20}},"67":{"start":{"line":126,"column":2},"end":{"line":126,"column":80}}},"fnMap":{"0":{"name":"(anonymous_8)","decl":{"start":{"line":11,"column":18},"end":{"line":11,"column":19}},"loc":{"start":{"line":11,"column":76},"end":{"line":19,"column":1}}},"1":{"name":"(anonymous_9)","decl":{"start":{"line":13,"column":33},"end":{"line":13,"column":34}},"loc":{"start":{"line":13,"column":68},"end":{"line":18,"column":3}}},"2":{"name":"(anonymous_10)","decl":{"start":{"line":25,"column":2},"end":{"line":25,"column":14}},"loc":{"start":{"line":25,"column":63},"end":{"line":28,"column":3}}},"3":{"name":"(anonymous_11)","decl":{"start":{"line":30,"column":2},"end":{"line":30,"column":8}},"loc":{"start":{"line":30,"column":8},"end":{"line":41,"column":3}}},"4":{"name":"(anonymous_12)","decl":{"start":{"line":33,"column":27},"end":{"line":33,"column":29}},"loc":{"start":{"line":33,"column":33},"end":{"line":33,"column":52}}},"5":{"name":"(anonymous_13)","decl":{"start":{"line":36,"column":6},"end":{"line":36,"column":11}},"loc":{"start":{"line":36,"column":15},"end":{"line":36,"column":26}}},"6":{"name":"(anonymous_14)","decl":{"start":{"line":43,"column":2},"end":{"line":43,"column":6}},"loc":{"start":{"line":43,"column":6},"end":{"line":52,"column":3}}},"7":{"name":"(anonymous_15)","decl":{"start":{"line":54,"column":2},"end":{"line":54,"column":13}},"loc":{"start":{"line":54,"column":13},"end":{"line":63,"column":3}}},"8":{"name":"(anonymous_16)","decl":{"start":{"line":65,"column":2},"end":{"line":65,"column":10}},"loc":{"start":{"line":65,"column":10},"end":{"line":73,"column":3}}},"9":{"name":"(anonymous_17)","decl":{"start":{"line":75,"column":2},"end":{"line":75,"column":10}},"loc":{"start":{"line":75,"column":10},"end":{"line":77,"column":3}}},"10":{"name":"queryEntityExistsById","decl":{"start":{"line":80,"column":15},"end":{"line":80,"column":36}},"loc":{"start":{"line":82,"column":26},"end":{"line":85,"column":null}}},"11":{"name":"isValidMongoId","decl":{"start":{"line":87,"column":9},"end":{"line":87,"column":23}},"loc":{"start":{"line":87,"column":34},"end":{"line":89,"column":1}}},"12":{"name":"validateIds","decl":{"start":{"line":95,"column":9},"end":{"line":95,"column":20}},"loc":{"start":{"line":95,"column":46},"end":{"line":101,"column":1}}},"13":{"name":"(anonymous_22)","decl":{"start":{"line":96,"column":21},"end":{"line":96,"column":22}},"loc":{"start":{"line":96,"column":44},"end":{"line":100,"column":3}}},"14":{"name":"getUniqueStringIds","decl":{"start":{"line":103,"column":9},"end":{"line":103,"column":27}},"loc":{"start":{"line":103,"column":43},"end":{"line":105,"column":1}}},"15":{"name":"(anonymous_24)","decl":{"start":{"line":104,"column":29},"end":{"line":104,"column":31}},"loc":{"start":{"line":104,"column":35},"end":{"line":104,"column":48}}},"16":{"name":"shuffleArray","decl":{"start":{"line":107,"column":9},"end":{"line":107,"column":21}},"loc":{"start":{"line":107,"column":35},"end":{"line":113,"column":1}}},"17":{"name":"getIsraeliDate","decl":{"start":{"line":115,"column":9},"end":{"line":115,"column":23}},"loc":{"start":{"line":115,"column":23},"end":{"line":123,"column":1}}},"18":{"name":"getDefaultSlateElement","decl":{"start":{"line":125,"column":9},"end":{"line":125,"column":31}},"loc":{"start":{"line":125,"column":41},"end":{"line":127,"column":1}}}},"branchMap":{"0":{"loc":{"start":{"line":12,"column":2},"end":{"line":12,"column":45}},"type":"if","locations":[{"start":{"line":12,"column":2},"end":{"line":12,"column":45}}]},"1":{"loc":{"start":{"line":14,"column":4},"end":{"line":16,"column":5}},"type":"if","locations":[{"start":{"line":14,"column":4},"end":{"line":16,"column":5}}]},"2":{"loc":{"start":{"line":44,"column":4},"end":{"line":49,"column":5}},"type":"if","locations":[{"start":{"line":44,"column":4},"end":{"line":49,"column":5}},{"start":{"line":47,"column":11},"end":{"line":49,"column":5}}]},"3":{"loc":{"start":{"line":55,"column":4},"end":{"line":60,"column":5}},"type":"if","locations":[{"start":{"line":55,"column":4},"end":{"line":60,"column":5}},{"start":{"line":58,"column":11},"end":{"line":60,"column":5}}]},"4":{"loc":{"start":{"line":66,"column":26},"end":{"line":66,"column":51}},"type":"cond-expr","locations":[{"start":{"line":66,"column":44},"end":{"line":66,"column":48}},{"start":{"line":66,"column":48},"end":{"line":66,"column":51}}]},"5":{"loc":{"start":{"line":66,"column":26},"end":{"line":66,"column":48}},"type":"binary-expr","locations":[{"start":{"line":66,"column":26},"end":{"line":66,"column":48}},{"start":{"line":66,"column":44},"end":{"line":66,"column":48}}]},"6":{"loc":{"start":{"line":67,"column":27},"end":{"line":67,"column":55}},"type":"cond-expr","locations":[{"start":{"line":67,"column":46},"end":{"line":67,"column":50}},{"start":{"line":67,"column":50},"end":{"line":67,"column":55}}]},"7":{"loc":{"start":{"line":67,"column":27},"end":{"line":67,"column":50}},"type":"binary-expr","locations":[{"start":{"line":67,"column":27},"end":{"line":67,"column":50}},{"start":{"line":67,"column":46},"end":{"line":67,"column":50}}]},"8":{"loc":{"start":{"line":97,"column":23},"end":{"line":97,"column":64}},"type":"cond-expr","locations":[{"start":{"line":97,"column":55},"end":{"line":97,"column":58}},{"start":{"line":97,"column":61},"end":{"line":97,"column":64}}]},"9":{"loc":{"start":{"line":98,"column":4},"end":{"line":98,"column":76}},"type":"if","locations":[{"start":{"line":98,"column":4},"end":{"line":98,"column":76}}]},"10":{"loc":{"start":{"line":99,"column":4},"end":{"line":99,"column":95}},"type":"if","locations":[{"start":{"line":99,"column":4},"end":{"line":99,"column":95}}]},"11":{"loc":{"start":{"line":125,"column":32},"end":{"line":125,"column":41}},"type":"default-arg","locations":[{"start":{"line":125,"column":39},"end":{"line":125,"column":41}}]}},"s":{"0":3,"1":3,"2":3,"3":3,"4":3,"5":3,"6":3,"7":3,"8":3,"9":3,"10":3,"11":0,"12":0,"13":0,"14":0,"15":0,"16":0,"17":3,"18":0,"19":0,"20":0,"21":0,"22":0,"23":0,"24":0,"25":0,"26":0,"27":0,"28":0,"29":0,"30":0,"31":0,"32":0,"33":0,"34":0,"35":0,"36":0,"37":0,"38":0,"39":0,"40":0,"41":0,"42":0,"43":0,"44":3,"45":0,"46":0,"47":0,"48":0,"49":0,"50":0,"51":0,"52":0,"53":0,"54":0,"55":0,"56":0,"57":0,"58":0,"59":0,"60":0,"61":0,"62":0,"63":0,"64":0,"65":0,"66":0,"67":0},"f":{"0":0,"1":0,"2":0,"3":0,"4":0,"5":0,"6":0,"7":0,"8":0,"9":0,"10":0,"11":0,"12":0,"13":0,"14":0,"15":0,"16":0,"17":0,"18":0},"b":{"0":[0],"1":[0],"2":[0,0],"3":[0,0],"4":[0,0],"5":[0,0],"6":[0,0],"7":[0,0],"8":[0,0],"9":[0],"10":[0],"11":[0]}}
}
