TN:
SF:src\app.ts
FN:53,(anonymous_1)
FN:62,(anonymous_2)
FN:66,(anonymous_3)
FNF:3
FNH:0
FNDA:0,(anonymous_1)
FNDA:0,(anonymous_2)
FNDA:0,(anonymous_3)
DA:2,0
DA:3,0
DA:4,0
DA:5,0
DA:6,0
DA:7,0
DA:8,0
DA:9,0
DA:10,0
DA:11,0
DA:12,0
DA:13,0
DA:14,0
DA:15,0
DA:16,0
DA:17,0
DA:18,0
DA:19,0
DA:21,0
DA:23,0
DA:24,0
DA:26,0
DA:27,0
DA:28,0
DA:30,0
DA:31,0
DA:32,0
DA:33,0
DA:40,0
DA:41,0
DA:43,0
DA:47,0
DA:50,0
DA:52,0
DA:53,0
DA:54,0
DA:57,0
DA:58,0
DA:59,0
DA:60,0
DA:62,0
DA:63,0
DA:66,0
DA:67,0
DA:70,0
DA:72,0
LF:46
LH:0
BRDA:40,0,0,0
BRDA:40,0,1,0
BRDA:52,1,0,0
BRF:3
BRH:0
end_of_record
TN:
SF:src\server.ts
FN:3,(anonymous_1)
FN:20,(anonymous_2)
FN:23,(anonymous_3)
FN:29,(anonymous_4)
FN:33,(anonymous_5)
FN:35,(anonymous_6)
FN:40,getDBName
FNF:7
FNH:0
FNDA:0,(anonymous_1)
FNDA:0,(anonymous_2)
FNDA:0,(anonymous_3)
FNDA:0,(anonymous_4)
FNDA:0,(anonymous_5)
FNDA:0,(anonymous_6)
FNDA:0,getDBName
DA:1,0
DA:3,0
DA:4,0
DA:5,0
DA:8,0
DA:9,0
DA:10,0
DA:11,0
DA:13,0
DA:14,0
DA:16,0
DA:18,0
DA:21,0
DA:24,0
DA:27,0
DA:29,0
DA:30,0
DA:33,0
DA:34,0
DA:35,0
DA:36,0
DA:41,0
DA:43,0
DA:45,0
DA:47,0
DA:49,0
DA:51,0
LF:27
LH:0
BRDA:14,0,0,0
BRDA:43,1,0,0
BRDA:43,1,1,0
BRDA:43,1,2,0
BRDA:43,1,3,0
BRF:5
BRH:0
end_of_record
TN:
SF:src\controllers\auth\authController.ts
FN:7,(anonymous_8)
FN:7,(anonymous_9)
FN:14,(anonymous_10)
FN:14,(anonymous_11)
FN:15,(anonymous_12)
FN:33,(anonymous_13)
FN:33,(anonymous_14)
FN:41,(anonymous_15)
FN:41,(anonymous_16)
FN:51,(anonymous_17)
FN:51,(anonymous_18)
FN:69,(anonymous_19)
FN:69,(anonymous_20)
FN:81,(anonymous_21)
FN:81,(anonymous_22)
FN:95,(anonymous_23)
FN:110,(anonymous_24)
FN:125,(anonymous_25)
FNF:18
FNH:0
FNDA:0,(anonymous_8)
FNDA:0,(anonymous_9)
FNDA:0,(anonymous_10)
FNDA:0,(anonymous_11)
FNDA:0,(anonymous_12)
FNDA:0,(anonymous_13)
FNDA:0,(anonymous_14)
FNDA:0,(anonymous_15)
FNDA:0,(anonymous_16)
FNDA:0,(anonymous_17)
FNDA:0,(anonymous_18)
FNDA:0,(anonymous_19)
FNDA:0,(anonymous_20)
FNDA:0,(anonymous_21)
FNDA:0,(anonymous_22)
FNDA:0,(anonymous_23)
FNDA:0,(anonymous_24)
FNDA:0,(anonymous_25)
DA:3,0
DA:4,0
DA:5,0
DA:7,0
DA:8,0
DA:9,0
DA:10,0
DA:11,0
DA:14,0
DA:15,0
DA:16,0
DA:21,0
DA:22,0
DA:23,0
DA:24,0
DA:25,0
DA:27,0
DA:28,0
DA:29,0
DA:33,0
DA:34,0
DA:35,0
DA:36,0
DA:37,0
DA:38,0
DA:41,0
DA:42,0
DA:43,0
DA:51,0
DA:52,0
DA:53,0
DA:54,0
DA:56,0
DA:57,0
DA:58,0
DA:59,0
DA:66,0
DA:69,0
DA:70,0
DA:71,0
DA:72,0
DA:73,0
DA:74,0
DA:75,0
DA:81,0
DA:82,0
DA:83,0
DA:84,0
DA:85,0
DA:87,0
DA:92,0
DA:95,0
DA:96,0
DA:97,0
DA:103,0
DA:110,0
DA:111,0
DA:118,0
DA:119,0
DA:120,0
DA:121,0
DA:122,0
DA:125,0
DA:126,0
DA:127,0
DA:131,0
DA:132,0
DA:133,0
DA:134,0
DA:135,0
DA:136,0
DA:137,0
LF:72
LH:0
BRDA:9,0,0,0
BRDA:9,1,0,0
BRDA:9,1,1,0
BRDA:23,2,0,0
BRDA:28,3,0,0
BRDA:36,4,0,0
BRDA:54,5,0,0
BRDA:56,6,0,0
BRDA:58,7,0,0
BRDA:71,8,0,0
BRDA:72,9,0,0
BRDA:85,10,0,0
BRDA:95,11,0,0
BRDA:119,12,0,0
BRDA:121,13,0,0
BRF:15
BRH:0
end_of_record
TN:
SF:src\controllers\book\bookController.ts
FN:11,(anonymous_7)
FN:11,(anonymous_8)
FN:80,(anonymous_9)
FN:80,(anonymous_10)
FN:92,(anonymous_11)
FN:92,(anonymous_12)
FN:102,(anonymous_13)
FN:102,(anonymous_14)
FNF:8
FNH:0
FNDA:0,(anonymous_7)
FNDA:0,(anonymous_8)
FNDA:0,(anonymous_9)
FNDA:0,(anonymous_10)
FNDA:0,(anonymous_11)
FNDA:0,(anonymous_12)
FNDA:0,(anonymous_13)
FNDA:0,(anonymous_14)
DA:1,0
DA:2,0
DA:4,0
DA:11,0
DA:12,0
DA:13,0
DA:14,0
DA:16,0
DA:20,0
DA:21,0
DA:22,0
DA:25,0
DA:72,0
DA:80,0
DA:81,0
DA:82,0
DA:83,0
DA:84,0
DA:86,0
DA:92,0
DA:93,0
DA:94,0
DA:96,0
DA:102,0
DA:103,0
DA:104,0
DA:105,0
DA:110,0
DA:116,0
LF:29
LH:0
BRDA:13,0,0,0
BRDA:17,1,0,0
BRDA:17,1,1,0
BRDA:18,2,0,0
BRDA:18,2,1,0
BRDA:20,3,0,0
BRDA:84,4,0,0
BRF:7
BRH:0
end_of_record
TN:
SF:src\controllers\user\userController.ts
FN:26,(anonymous_8)
FN:26,(anonymous_9)
FN:38,(anonymous_10)
FN:38,(anonymous_11)
FN:51,(anonymous_12)
FN:51,(anonymous_13)
FNF:6
FNH:6
FNDA:3,(anonymous_8)
FNDA:3,(anonymous_9)
FNDA:4,(anonymous_10)
FNDA:4,(anonymous_11)
FNDA:4,(anonymous_12)
FNDA:4,(anonymous_13)
DA:2,1
DA:3,1
DA:8,1
DA:15,1
DA:16,1
DA:18,1
DA:20,1
DA:21,1
DA:22,1
DA:24,1
DA:26,3
DA:27,3
DA:28,3
DA:29,2
DA:31,1
DA:38,4
DA:39,4
DA:40,4
DA:41,3
DA:42,3
DA:43,2
DA:45,1
DA:51,4
DA:52,4
DA:53,4
DA:55,3
DA:57,1
DA:64,1
DA:65,1
DA:66,1
DA:67,1
DA:68,1
DA:69,1
DA:70,1
DA:71,1
LF:35
LH:35
BRDA:28,0,0,1
BRDA:42,1,0,1
BRDA:53,2,0,1
BRF:3
BRH:3
end_of_record
TN:
SF:src\middlewares\HTMLSanitizer\HTMLSanitizerMiddleware.ts
FN:4,_sanitizeBody
FN:14,_sanitizeParams
FN:21,_sanitizeQuery
FN:28,requestSanitizer
FNF:4
FNH:4
FNDA:6,_sanitizeBody
FNDA:5,_sanitizeParams
FNDA:5,_sanitizeQuery
FNDA:5,requestSanitizer
DA:1,1
DA:5,6
DA:6,4
DA:7,4
DA:8,4
DA:9,4
DA:10,4
DA:15,5
DA:16,1
DA:17,1
DA:22,5
DA:23,1
DA:24,1
DA:29,5
DA:30,5
DA:31,5
DA:32,5
DA:33,5
DA:34,5
DA:35,5
DA:38,1
LF:21
LH:21
BRDA:8,0,0,0
BRDA:8,1,0,4
BRDA:8,1,1,1
BRDA:9,2,0,3
BRDA:10,3,0,1
BRDA:16,4,0,0
BRDA:23,5,0,0
BRDA:32,6,0,5
BRDA:33,7,0,5
BRDA:34,8,0,5
BRF:10
BRH:7
end_of_record
TN:
SF:src\middlewares\authGuards\authGuardsMiddleware.ts
FN:9,(anonymous_8)
FN:9,(anonymous_9)
FN:29,(anonymous_10)
FN:29,(anonymous_11)
FNF:4
FNH:0
FNDA:0,(anonymous_8)
FNDA:0,(anonymous_9)
FNDA:0,(anonymous_10)
FNDA:0,(anonymous_11)
DA:2,0
DA:3,0
DA:4,0
DA:5,0
DA:6,0
DA:8,0
DA:9,0
DA:10,0
DA:11,0
DA:12,0
DA:13,0
DA:14,0
DA:15,0
DA:17,0
DA:18,0
DA:19,0
DA:20,0
DA:21,0
DA:22,0
DA:23,0
DA:24,0
DA:28,0
DA:29,0
DA:30,0
DA:31,0
DA:32,0
DA:33,0
DA:34,0
DA:35,0
DA:36,0
DA:40,0
LF:31
LH:0
BRDA:11,0,0,0
BRDA:14,1,0,0
BRDA:17,2,0,0
BRDA:19,3,0,0
BRDA:22,4,0,0
BRDA:31,5,0,0
BRDA:33,6,0,0
BRDA:34,7,0,0
BRF:8
BRH:0
end_of_record
TN:
SF:src\middlewares\logger\loggerMiddleware.ts
FN:6,(anonymous_7)
FN:6,(anonymous_8)
FN:12,(anonymous_9)
FNF:3
FNH:3
FNDA:3,(anonymous_7)
FNDA:3,(anonymous_8)
FNDA:3,(anonymous_9)
DA:2,1
DA:3,1
DA:5,1
DA:6,3
DA:7,3
DA:8,3
DA:9,3
DA:10,3
DA:12,3
DA:13,3
DA:14,2
DA:15,2
DA:16,2
DA:19,3
LF:14
LH:14
BRDA:13,0,0,1
BRF:1
BRH:1
end_of_record
TN:
SF:src\middlewares\setupALS\setupALSMiddleware.ts
FN:8,(anonymous_8)
FN:8,(anonymous_9)
FN:10,(anonymous_10)
FN:10,(anonymous_11)
FNF:4
FNH:4
FNDA:3,(anonymous_8)
FNDA:3,(anonymous_9)
FNDA:3,(anonymous_10)
FNDA:3,(anonymous_11)
DA:2,1
DA:3,1
DA:4,1
DA:7,1
DA:8,3
DA:9,3
DA:10,3
DA:11,3
DA:12,3
DA:13,2
DA:14,2
DA:15,1
DA:16,1
DA:17,1
DA:22,1
LF:15
LH:15
BRDA:12,0,0,1
BRDA:14,1,0,1
BRF:2
BRH:2
end_of_record
TN:
SF:src\models\books\bookModel.ts
FNF:0
FNH:0
DA:1,0
DA:2,0
DA:5,0
DA:7,0
LF:4
LH:0
BRF:0
BRH:0
end_of_record
TN:
SF:src\models\books\schemas\bookSchema.ts
FN:38,(anonymous_7)
FN:45,(anonymous_8)
FN:63,(anonymous_9)
FN:68,(anonymous_11)
FN:75,filterArchivedItems
FN:78,(anonymous_14)
FN:80,(anonymous_15)
FN:81,(anonymous_16)
FN:83,(anonymous_17)
FN:84,(anonymous_18)
FNF:10
FNH:0
FNDA:0,(anonymous_7)
FNDA:0,(anonymous_8)
FNDA:0,(anonymous_9)
FNDA:0,(anonymous_11)
FNDA:0,filterArchivedItems
FNDA:0,(anonymous_14)
FNDA:0,(anonymous_15)
FNDA:0,(anonymous_16)
FNDA:0,(anonymous_17)
FNDA:0,(anonymous_18)
DA:1,0
DA:2,0
DA:4,0
DA:5,0
DA:6,0
DA:7,0
DA:9,0
DA:39,0
DA:40,0
DA:46,0
DA:47,0
DA:54,0
DA:63,0
DA:64,0
DA:65,0
DA:68,0
DA:69,0
DA:70,0
DA:71,0
DA:72,0
DA:76,0
DA:77,0
DA:78,0
DA:79,0
DA:80,0
DA:81,0
DA:82,0
DA:83,0
DA:84,0
DA:87,0
LF:30
LH:0
BRDA:69,0,0,0
BRDA:70,1,0,0
BRDA:70,1,1,0
BRDA:76,2,0,0
BRDA:77,3,0,0
BRDA:77,4,0,0
BRDA:77,4,1,0
BRDA:79,5,0,0
BRDA:79,6,0,0
BRDA:79,6,1,0
BRDA:81,7,0,0
BRDA:81,8,0,0
BRDA:81,8,1,0
BRDA:82,9,0,0
BRDA:82,10,0,0
BRDA:82,10,1,0
BRDA:84,11,0,0
BRDA:84,12,0,0
BRDA:84,12,1,0
BRF:19
BRH:0
end_of_record
TN:
SF:src\models\books\schemas\chapterScehma.ts
FNF:0
FNH:0
DA:1,0
DA:3,0
DA:4,0
DA:6,0
DA:50,0
LF:5
LH:0
BRF:0
BRH:0
end_of_record
TN:
SF:src\models\books\schemas\characterSchema.ts
FNF:0
FNH:0
DA:1,0
DA:3,0
DA:4,0
DA:6,0
DA:46,0
LF:5
LH:0
BRF:0
BRH:0
end_of_record
TN:
SF:src\models\books\schemas\noteSchema.ts
FNF:0
FNH:0
DA:1,0
DA:3,0
DA:4,0
DA:6,0
DA:41,0
LF:5
LH:0
BRF:0
BRH:0
end_of_record
TN:
SF:src\models\books\schemas\plotlineScheme.ts
FNF:0
FNH:0
DA:1,0
DA:4,0
DA:5,0
DA:7,0
DA:47,0
LF:5
LH:0
BRF:0
BRH:0
end_of_record
TN:
SF:src\models\books\schemas\themeSchema.ts
FNF:0
FNH:0
DA:1,0
DA:3,0
DA:4,0
DA:6,0
DA:46,0
LF:5
LH:0
BRF:0
BRH:0
end_of_record
TN:
SF:src\models\review\reviewModel.ts
FNF:0
FNH:0
DA:1,0
DA:2,0
DA:5,0
DA:7,0
LF:4
LH:0
BRF:0
BRH:0
end_of_record
TN:
SF:src\models\review\schemas\bookReviewSchema.ts
FN:36,(anonymous_7)
FN:43,(anonymous_8)
FN:52,(anonymous_9)
FN:68,(anonymous_11)
FN:74,(anonymous_13)
FN:81,filterArchivedItems
FN:84,(anonymous_16)
FN:86,(anonymous_17)
FNF:8
FNH:0
FNDA:0,(anonymous_7)
FNDA:0,(anonymous_8)
FNDA:0,(anonymous_9)
FNDA:0,(anonymous_11)
FNDA:0,(anonymous_13)
FNDA:0,filterArchivedItems
FNDA:0,(anonymous_16)
FNDA:0,(anonymous_17)
DA:1,0
DA:3,0
DA:4,0
DA:5,0
DA:6,0
DA:8,0
DA:37,0
DA:38,0
DA:44,0
DA:45,0
DA:52,0
DA:53,0
DA:54,0
DA:63,0
DA:65,0
DA:68,0
DA:69,0
DA:71,0
DA:74,0
DA:75,0
DA:76,0
DA:77,0
DA:78,0
DA:82,0
DA:83,0
DA:84,0
DA:85,0
DA:86,0
DA:89,0
DA:91,0
LF:30
LH:0
BRDA:63,0,0,0
BRDA:63,1,0,0
BRDA:63,1,1,0
BRDA:75,2,0,0
BRDA:76,3,0,0
BRDA:76,3,1,0
BRDA:82,4,0,0
BRDA:83,5,0,0
BRDA:83,6,0,0
BRDA:83,6,1,0
BRDA:85,7,0,0
BRDA:85,8,0,0
BRDA:85,8,1,0
BRF:13
BRH:0
end_of_record
TN:
SF:src\models\review\schemas\referenceSchema.ts
FNF:0
FNH:0
DA:1,0
DA:3,0
DA:4,0
DA:6,0
DA:39,0
LF:5
LH:0
BRF:0
BRH:0
end_of_record
TN:
SF:src\models\review\schemas\reviewSchema.ts
FNF:0
FNH:0
DA:1,0
DA:3,0
DA:4,0
DA:6,0
DA:28,0
LF:5
LH:0
BRF:0
BRH:0
end_of_record
TN:
SF:src\models\schemas\slateElementSchema.ts
FNF:0
FNH:0
DA:1,0
DA:4,0
DA:23,0
DA:39,0
LF:4
LH:0
BRF:0
BRH:0
end_of_record
TN:
SF:src\models\user\userModel.ts
FN:15,(anonymous_8)
FN:25,(anonymous_9)
FN:35,(anonymous_10)
FN:47,(anonymous_11)
FN:65,(anonymous_12)
FN:72,(anonymous_13)
FN:84,(anonymous_14)
FN:91,(anonymous_15)
FN:100,(anonymous_17)
FN:107,(anonymous_19)
FN:113,(anonymous_20)
FN:121,_removePrivateFields
FNF:12
FNH:0
FNDA:0,(anonymous_8)
FNDA:0,(anonymous_9)
FNDA:0,(anonymous_10)
FNDA:0,(anonymous_11)
FNDA:0,(anonymous_12)
FNDA:0,(anonymous_13)
FNDA:0,(anonymous_14)
FNDA:0,(anonymous_15)
FNDA:0,(anonymous_17)
FNDA:0,(anonymous_19)
FNDA:0,(anonymous_20)
FNDA:0,_removePrivateFields
DA:1,3
DA:2,3
DA:3,3
DA:7,3
DA:16,0
DA:26,0
DA:36,0
DA:48,0
DA:66,0
DA:67,0
DA:73,0
DA:74,0
DA:81,3
DA:82,3
DA:84,3
DA:85,0
DA:86,0
DA:87,0
DA:88,0
DA:91,3
DA:93,0
DA:94,0
DA:95,0
DA:96,0
DA:97,0
DA:100,3
DA:104,0
DA:107,3
DA:108,0
DA:109,0
DA:110,0
DA:113,3
DA:114,0
DA:115,0
DA:116,0
DA:117,0
DA:118,0
DA:122,0
DA:123,0
DA:124,0
DA:125,0
DA:126,0
DA:127,0
DA:130,3
DA:132,3
LF:45
LH:13
BRDA:16,0,0,0
BRDA:16,0,1,0
BRDA:26,1,0,0
BRDA:26,1,1,0
BRDA:86,2,0,0
BRDA:94,3,0,0
BRDA:108,4,0,0
BRF:7
BRH:0
end_of_record
TN:
SF:src\routers\auth\authRouter.ts
FNF:0
FNH:0
DA:1,0
DA:2,0
DA:11,0
DA:12,0
DA:14,0
DA:16,0
DA:18,0
DA:19,0
DA:20,0
DA:21,0
DA:22,0
DA:23,0
DA:24,0
DA:26,0
LF:14
LH:0
BRF:0
BRH:0
end_of_record
TN:
SF:src\routers\book\bookRouter.ts
FNF:0
FNH:0
DA:1,0
DA:2,0
DA:4,0
DA:6,0
DA:7,0
DA:8,0
DA:9,0
DA:11,0
LF:8
LH:0
BRF:0
BRH:0
end_of_record
TN:
SF:src\routers\review\reviewRouter.ts
FNF:0
FNH:0
DA:1,0
DA:2,0
DA:8,0
DA:10,0
DA:11,0
DA:12,0
DA:13,0
DA:14,0
DA:15,0
DA:17,0
LF:10
LH:0
BRF:0
BRH:0
end_of_record
TN:
SF:src\routers\user\userRouter.ts
FNF:0
FNH:0
DA:1,0
DA:2,0
DA:12,0
DA:17,0
DA:19,0
DA:20,0
DA:21,0
DA:22,0
DA:23,0
DA:24,0
DA:26,0
DA:27,0
DA:28,0
DA:29,0
DA:31,0
LF:15
LH:0
BRF:0
BRH:0
end_of_record
TN:
SF:src\services\ALSService.ts
FN:5,getLoggedInUserIdFromReq
FNF:1
FNH:1
FNDA:8,getLoggedInUserIdFromReq
DA:1,6
DA:3,6
DA:6,8
DA:9,6
LF:4
LH:4
BRDA:6,0,0,0
BRDA:6,0,1,8
BRDA:6,1,0,8
BRDA:6,1,1,8
BRDA:6,2,0,8
BRDA:6,2,1,0
BRDA:6,3,0,8
BRDA:6,3,1,8
BRF:8
BRH:6
end_of_record
TN:
SF:src\services\rateLimiterService.ts
FN:40,(anonymous_1)
FNF:1
FNH:0
FNDA:0,(anonymous_1)
DA:1,0
DA:4,0
DA:10,0
DA:16,0
DA:22,0
DA:28,0
DA:34,0
DA:40,0
DA:41,0
DA:43,0
DA:44,0
DA:46,0
DA:47,0
DA:49,0
DA:50,0
DA:52,0
DA:53,0
DA:55,0
DA:56,0
DA:58,0
DA:62,0
LF:21
LH:0
BRDA:41,0,0,0
BRDA:41,0,1,0
BRDA:41,0,2,0
BRDA:41,0,3,0
BRDA:41,0,4,0
BRDA:41,0,5,0
BRF:6
BRH:0
end_of_record
TN:
SF:src\services\error\errorService.ts
FN:6,(anonymous_0)
FN:26,(anonymous_1)
FN:38,errorHandler
FN:48,_refineErrorForProd
FN:73,_handleCastErrorDB
FN:79,_handleValidationErrorDB
FN:84,_handleJWTError
FN:88,_handleJWTExpiredError
FN:92,_handleDuplicateFieldsDB
FN:102,_sendErrorDev
FN:111,_sendErrorProd
FN:124,asyncErrorCatcher
FN:125,(anonymous_12)
FN:126,(anonymous_13)
FN:130,validatePatchRequestBody
FNF:15
FNH:15
FNDA:9,(anonymous_0)
FNDA:23,(anonymous_1)
FNDA:8,errorHandler
FNDA:6,_refineErrorForProd
FNDA:1,_handleCastErrorDB
FNDA:1,_handleValidationErrorDB
FNDA:1,_handleJWTError
FNDA:1,_handleJWTExpiredError
FNDA:1,_handleDuplicateFieldsDB
FNDA:2,_sendErrorDev
FNDA:6,_sendErrorProd
FNDA:11,asyncErrorCatcher
FNDA:18,(anonymous_12)
FNDA:9,(anonymous_13)
FNDA:7,validatePatchRequestBody
DA:2,9
DA:6,9
DA:7,9
DA:8,9
DA:9,9
DA:10,9
DA:27,23
DA:29,23
DA:30,23
DA:31,23
DA:32,23
DA:34,23
DA:39,8
DA:40,8
DA:41,8
DA:42,8
DA:43,8
DA:44,6
DA:45,8
DA:49,6
DA:50,6
DA:52,6
DA:54,1
DA:55,1
DA:57,1
DA:58,1
DA:60,1
DA:61,1
DA:63,1
DA:64,1
DA:66,2
DA:69,6
DA:70,6
DA:74,1
DA:75,1
DA:76,1
DA:80,1
DA:81,1
DA:85,1
DA:89,1
DA:93,1
DA:94,1
DA:95,0
DA:97,1
DA:98,1
DA:99,1
DA:103,2
DA:112,6
DA:113,5
DA:118,1
DA:125,11
DA:126,18
DA:131,7
DA:132,3
DA:139,9
LF:55
LH:54
BRDA:6,0,0,9
BRDA:6,0,1,9
BRDA:30,1,0,19
BRDA:30,1,1,4
BRDA:39,2,0,8
BRDA:39,2,1,2
BRDA:40,3,0,8
BRDA:40,3,1,2
BRDA:43,4,0,2
BRDA:43,4,1,6
BRDA:43,5,0,8
BRDA:43,5,1,6
BRDA:45,6,0,8
BRDA:52,7,0,1
BRDA:52,7,1,1
BRDA:52,7,2,1
BRDA:52,7,3,1
BRDA:52,7,4,2
BRDA:69,8,0,1
BRDA:74,9,0,1
BRDA:74,9,1,0
BRDA:94,10,0,0
BRDA:112,11,0,5
BRDA:112,11,1,1
BRDA:131,12,0,3
BRF:25
BRH:23
end_of_record
TN:
SF:src\services\factory\factoryService.ts
FN:8,(anonymous_7)
FN:9,(anonymous_8)
FN:9,(anonymous_9)
FN:26,(anonymous_10)
FN:27,(anonymous_11)
FN:27,(anonymous_12)
FN:42,(anonymous_13)
FN:43,(anonymous_14)
FN:43,(anonymous_15)
FN:51,(anonymous_16)
FN:52,(anonymous_17)
FN:52,(anonymous_18)
FN:74,(anonymous_19)
FN:75,(anonymous_20)
FN:75,(anonymous_21)
FN:90,_getDataName
FNF:16
FNH:5
FNDA:1,(anonymous_7)
FNDA:0,(anonymous_8)
FNDA:0,(anonymous_9)
FNDA:1,(anonymous_10)
FNDA:0,(anonymous_11)
FNDA:0,(anonymous_12)
FNDA:1,(anonymous_13)
FNDA:0,(anonymous_14)
FNDA:0,(anonymous_15)
FNDA:1,(anonymous_16)
FNDA:0,(anonymous_17)
FNDA:0,(anonymous_18)
FNDA:1,(anonymous_19)
FNDA:0,(anonymous_20)
FNDA:0,(anonymous_21)
FNDA:0,_getDataName
DA:4,1
DA:5,1
DA:6,1
DA:8,1
DA:9,1
DA:10,0
DA:16,0
DA:18,0
DA:26,1
DA:27,1
DA:28,0
DA:29,0
DA:30,0
DA:31,0
DA:32,0
DA:33,0
DA:34,0
DA:35,0
DA:36,0
DA:42,1
DA:43,1
DA:44,0
DA:45,0
DA:51,1
DA:52,1
DA:53,0
DA:54,0
DA:55,0
DA:56,0
DA:57,0
DA:58,0
DA:59,0
DA:61,0
DA:66,0
DA:68,0
DA:74,1
DA:75,1
DA:76,0
DA:77,0
DA:78,0
DA:79,0
DA:80,0
DA:81,0
DA:82,0
DA:84,0
DA:91,0
DA:93,0
DA:95,0
DA:96,0
DA:99,1
LF:50
LH:14
BRDA:33,0,0,0
BRDA:35,1,0,0
BRDA:58,2,0,0
BRDA:59,3,0,0
BRDA:66,4,0,0
BRDA:81,5,0,0
BRDA:93,6,0,0
BRDA:93,6,1,0
BRF:8
BRH:0
end_of_record
TN:
SF:src\services\logger\loggerService.ts
FN:10,_handleLogMessage
FN:18,_formatLogMessage
FN:23,(anonymous_3)
FN:24,(anonymous_4)
FN:35,_writeToLogFile
FN:36,(anonymous_6)
FN:41,_logMessage
FN:63,debug
FN:68,info
FN:72,success
FN:76,warn
FN:80,error
FNF:12
FNH:11
FNDA:8,_handleLogMessage
FNDA:8,_formatLogMessage
FNDA:11,(anonymous_3)
FNDA:3,(anonymous_4)
FNDA:8,_writeToLogFile
FNDA:0,(anonymous_6)
FNDA:8,_logMessage
FNDA:3,debug
FNDA:1,info
FNDA:1,success
FNDA:1,warn
FNDA:2,error
DA:3,10
DA:4,10
DA:5,10
DA:7,10
DA:8,10
DA:11,8
DA:12,8
DA:13,8
DA:14,8
DA:15,8
DA:22,8
DA:24,11
DA:25,11
DA:29,8
DA:30,8
DA:31,8
DA:32,8
DA:36,8
DA:37,0
DA:42,8
DA:43,8
DA:45,3
DA:46,3
DA:48,1
DA:49,1
DA:51,1
DA:52,1
DA:54,1
DA:55,1
DA:57,2
DA:58,2
DA:60,8
DA:64,3
DA:65,3
DA:69,1
DA:73,1
DA:77,1
DA:81,2
DA:84,10
LF:39
LH:38
BRDA:8,0,0,0
BRDA:12,1,0,0
BRDA:24,2,0,3
BRDA:24,2,1,2
BRDA:24,2,2,2
BRDA:25,3,0,10
BRDA:25,3,1,1
BRDA:25,4,0,11
BRDA:25,4,1,3
BRDA:30,5,0,0
BRDA:30,5,1,8
BRDA:37,6,0,0
BRDA:43,7,0,3
BRDA:43,7,1,1
BRDA:43,7,2,1
BRDA:43,7,3,1
BRDA:43,7,4,2
BRDA:64,8,0,0
BRF:18
BRH:13
end_of_record
TN:
SF:src\services\test\testAssertionService.ts
FN:4,assertUser
FN:18,assertBook
FN:37,assertBookReview
FNF:3
FNH:0
FNDA:0,assertUser
FNDA:0,assertBook
FNDA:0,assertBookReview
DA:5,0
DA:15,0
DA:19,0
DA:33,0
DA:34,0
DA:38,0
DA:49,0
DA:53,0
DA:58,0
LF:9
LH:0
BRDA:15,0,0,0
BRDA:15,0,1,0
BRDA:33,1,0,0
BRDA:33,1,1,0
BRDA:34,2,0,0
BRDA:34,2,1,0
BRDA:50,3,0,0
BRDA:50,3,1,0
BRDA:54,4,0,0
BRDA:54,4,1,0
BRF:10
BRH:0
end_of_record
TN:
SF:src\services\test\testDBService.ts
FN:7,connectToTestDB
FN:7,(anonymous_9)
FN:24,disconnectFromTestDB
FNF:3
FNH:0
FNDA:0,connectToTestDB
FNDA:0,(anonymous_9)
FNDA:0,disconnectFromTestDB
DA:2,0
DA:3,0
DA:4,0
DA:5,0
DA:7,0
DA:8,0
DA:9,0
DA:10,0
DA:11,0
DA:12,0
DA:14,0
DA:15,0
DA:17,0
DA:19,0
DA:20,0
DA:25,0
DA:27,0
DA:30,0
LF:18
LH:0
BRDA:7,0,0,0
BRDA:7,1,0,0
BRDA:10,2,0,0
BRDA:11,3,0,0
BRDA:12,4,0,0
BRDA:14,5,0,0
BRDA:14,5,1,0
BRF:7
BRH:0
end_of_record
TN:
SF:src\services\token\tokenService.ts
FN:6,getTokenFromRequest
FN:16,signToken
FN:29,verifyToken
FNF:3
FNH:3
FNDA:3,getTokenFromRequest
FNDA:3,signToken
FNDA:3,verifyToken
DA:1,2
DA:3,2
DA:4,2
DA:7,3
DA:9,3
DA:11,3
DA:12,3
DA:13,3
DA:17,3
DA:18,2
DA:19,1
DA:21,1
DA:25,1
DA:26,1
DA:30,3
DA:31,3
DA:33,2
DA:38,1
DA:39,1
DA:41,2
DA:45,2
LF:21
LH:21
BRDA:9,0,0,3
BRDA:9,0,1,1
BRDA:11,1,0,1
BRDA:11,1,1,2
BRDA:12,2,0,3
BRDA:12,2,1,2
BRDA:12,3,0,0
BRDA:12,3,1,3
BRDA:12,4,0,3
BRDA:12,4,1,3
BRDA:17,5,0,1
BRDA:18,6,0,1
BRDA:25,7,0,0
BRDA:31,8,0,1
BRF:14
BRH:12
end_of_record
TN:
SF:src\services\user\userService.ts
FN:9,query
FN:19,getUsers
FN:26,getById
FN:32,getByUsername
FN:38,add
FN:43,update
FN:56,remove
FN:61,removeAccount
FNF:8
FNH:1
FNDA:1,query
FNDA:0,getUsers
FNDA:0,getById
FNDA:0,getByUsername
FNDA:0,add
FNDA:0,update
FNDA:0,remove
FNDA:0,removeAccount
DA:4,2
DA:5,2
DA:6,2
DA:7,2
DA:10,1
DA:15,1
DA:16,1
DA:20,0
DA:23,0
DA:27,0
DA:28,0
DA:29,0
DA:33,0
DA:34,0
DA:35,0
DA:39,0
DA:40,0
DA:44,0
DA:46,0
DA:48,0
DA:52,0
DA:53,0
DA:57,0
DA:58,0
DA:62,0
DA:65,0
DA:66,0
DA:68,0
DA:71,2
LF:29
LH:8
BRDA:28,0,0,0
BRDA:34,1,0,0
BRDA:52,2,0,0
BRDA:65,3,0,0
BRF:4
BRH:0
end_of_record
TN:
SF:src\services\util\utilService.ts
FN:11,(anonymous_8)
FN:13,(anonymous_9)
FN:25,(anonymous_10)
FN:30,(anonymous_11)
FN:33,(anonymous_12)
FN:36,(anonymous_13)
FN:43,(anonymous_14)
FN:54,(anonymous_15)
FN:65,(anonymous_16)
FN:75,(anonymous_17)
FN:80,queryEntityExistsById
FN:87,isValidMongoId
FN:95,validateIds
FN:96,(anonymous_22)
FN:103,getUniqueStringIds
FN:104,(anonymous_24)
FN:107,shuffleArray
FN:115,getIsraeliDate
FN:125,getDefaultSlateElement
FNF:19
FNH:0
FNDA:0,(anonymous_8)
FNDA:0,(anonymous_9)
FNDA:0,(anonymous_10)
FNDA:0,(anonymous_11)
FNDA:0,(anonymous_12)
FNDA:0,(anonymous_13)
FNDA:0,(anonymous_14)
FNDA:0,(anonymous_15)
FNDA:0,(anonymous_16)
FNDA:0,(anonymous_17)
FNDA:0,queryEntityExistsById
FNDA:0,isValidMongoId
FNDA:0,validateIds
FNDA:0,(anonymous_22)
FNDA:0,getUniqueStringIds
FNDA:0,(anonymous_24)
FNDA:0,shuffleArray
FNDA:0,getIsraeliDate
FNDA:0,getDefaultSlateElement
DA:1,3
DA:2,3
DA:3,3
DA:11,3
DA:12,0
DA:13,0
DA:14,0
DA:15,0
DA:17,0
DA:26,0
DA:27,0
DA:31,0
DA:32,0
DA:33,0
DA:34,0
DA:36,0
DA:38,0
DA:40,0
DA:44,0
DA:45,0
DA:46,0
DA:48,0
DA:51,0
DA:55,0
DA:56,0
DA:57,0
DA:59,0
DA:62,0
DA:66,0
DA:67,0
DA:68,0
DA:70,0
DA:72,0
DA:76,0
DA:84,0
DA:88,0
DA:96,0
DA:97,0
DA:98,0
DA:99,0
DA:104,0
DA:108,0
DA:109,0
DA:110,0
DA:112,0
DA:116,0
DA:117,0
DA:118,0
DA:119,0
DA:120,0
DA:121,0
DA:122,0
DA:126,0
DA:131,3
DA:132,3
DA:133,3
DA:134,3
DA:135,3
DA:136,3
DA:137,3
DA:138,3
DA:139,3
LF:62
LH:13
BRDA:12,0,0,0
BRDA:14,1,0,0
BRDA:44,2,0,0
BRDA:44,2,1,0
BRDA:55,3,0,0
BRDA:55,3,1,0
BRDA:66,4,0,0
BRDA:66,4,1,0
BRDA:66,5,0,0
BRDA:66,5,1,0
BRDA:67,6,0,0
BRDA:67,6,1,0
BRDA:67,7,0,0
BRDA:67,7,1,0
BRDA:97,8,0,0
BRDA:97,8,1,0
BRDA:98,9,0,0
BRDA:99,10,0,0
BRDA:125,11,0,0
BRF:19
BRH:0
end_of_record
